{"C:\\Users\\byiaf\\code\\gacha-crystals\\src\\client\\Crystals.jsx": {"path":"C:\\Users\\byiaf\\code\\gacha-crystals\\src\\client\\Crystals.jsx","statementMap":{"0":{"start":{"line":3,"column":17},"end":{"line":3,"column":53}},"1":{"start":{"line":4,"column":21},"end":{"line":4,"column":54}},"2":{"start":{"line":8,"column":4},"end":{"line":8,"column":17}},"3":{"start":{"line":10,"column":4},"end":{"line":15,"column":6}},"4":{"start":{"line":19,"column":4},"end":{"line":25,"column":5}},"5":{"start":{"line":20,"column":6},"end":{"line":20,"column":42}},"6":{"start":{"line":21,"column":6},"end":{"line":21,"column":78}},"7":{"start":{"line":29,"column":4},"end":{"line":44,"column":7}},"8":{"start":{"line":30,"column":64},"end":{"line":30,"column":71}},"9":{"start":{"line":31,"column":6},"end":{"line":43,"column":8}},"10":{"start":{"line":48,"column":17},"end":{"line":48,"column":50}},"11":{"start":{"line":49,"column":4},"end":{"line":51,"column":7}},"12":{"start":{"line":50,"column":6},"end":{"line":50,"column":54}},"13":{"start":{"line":55,"column":14},"end":{"line":55,"column":47}},"14":{"start":{"line":56,"column":16},"end":{"line":56,"column":41}},"15":{"start":{"line":57,"column":21},"end":{"line":57,"column":37}},"16":{"start":{"line":58,"column":4},"end":{"line":58,"column":62}},"17":{"start":{"line":62,"column":4},"end":{"line":68,"column":5}},"18":{"start":{"line":63,"column":6},"end":{"line":67,"column":8}},"19":{"start":{"line":69,"column":4},"end":{"line":83,"column":7}},"20":{"start":{"line":70,"column":57},"end":{"line":70,"column":64}},"21":{"start":{"line":71,"column":6},"end":{"line":82,"column":8}},"22":{"start":{"line":87,"column":4},"end":{"line":96,"column":6}},"23":{"start":{"line":100,"column":15},"end":{"line":100,"column":19}},"24":{"start":{"line":103,"column":4},"end":{"line":105,"column":5}},"25":{"start":{"line":104,"column":6},"end":{"line":104,"column":57}},"26":{"start":{"line":107,"column":4},"end":{"line":128,"column":6}}},"fnMap":{"0":{"name":"(anonymous_0)","decl":{"start":{"line":7,"column":2},"end":{"line":7,"column":3}},"loc":{"start":{"line":7,"column":21},"end":{"line":16,"column":3}},"line":7},"1":{"name":"(anonymous_1)","decl":{"start":{"line":18,"column":2},"end":{"line":18,"column":3}},"loc":{"start":{"line":18,"column":22},"end":{"line":26,"column":3}},"line":18},"2":{"name":"(anonymous_2)","decl":{"start":{"line":28,"column":2},"end":{"line":28,"column":3}},"loc":{"start":{"line":28,"column":34},"end":{"line":45,"column":3}},"line":28},"3":{"name":"(anonymous_3)","decl":{"start":{"line":29,"column":28},"end":{"line":29,"column":29}},"loc":{"start":{"line":29,"column":48},"end":{"line":44,"column":5}},"line":29},"4":{"name":"(anonymous_4)","decl":{"start":{"line":47,"column":2},"end":{"line":47,"column":3}},"loc":{"start":{"line":47,"column":24},"end":{"line":52,"column":3}},"line":47},"5":{"name":"(anonymous_5)","decl":{"start":{"line":49,"column":22},"end":{"line":49,"column":23}},"loc":{"start":{"line":49,"column":38},"end":{"line":51,"column":5}},"line":49},"6":{"name":"(anonymous_6)","decl":{"start":{"line":54,"column":2},"end":{"line":54,"column":3}},"loc":{"start":{"line":54,"column":23},"end":{"line":59,"column":3}},"line":54},"7":{"name":"(anonymous_7)","decl":{"start":{"line":61,"column":2},"end":{"line":61,"column":3}},"loc":{"start":{"line":61,"column":35},"end":{"line":84,"column":3}},"line":61},"8":{"name":"(anonymous_8)","decl":{"start":{"line":69,"column":28},"end":{"line":69,"column":29}},"loc":{"start":{"line":69,"column":48},"end":{"line":83,"column":5}},"line":69},"9":{"name":"(anonymous_9)","decl":{"start":{"line":86,"column":2},"end":{"line":86,"column":3}},"loc":{"start":{"line":86,"column":28},"end":{"line":97,"column":3}},"line":86},"10":{"name":"(anonymous_10)","decl":{"start":{"line":99,"column":2},"end":{"line":99,"column":3}},"loc":{"start":{"line":99,"column":11},"end":{"line":129,"column":3}},"line":99}},"branchMap":{"0":{"loc":{"start":{"line":19,"column":4},"end":{"line":25,"column":5}},"type":"if","locations":[{"start":{"line":19,"column":4},"end":{"line":25,"column":5}},{"start":{"line":19,"column":4},"end":{"line":25,"column":5}}],"line":19},"1":{"loc":{"start":{"line":62,"column":4},"end":{"line":68,"column":5}},"type":"if","locations":[{"start":{"line":62,"column":4},"end":{"line":68,"column":5}},{"start":{"line":62,"column":4},"end":{"line":68,"column":5}}],"line":62},"2":{"loc":{"start":{"line":103,"column":4},"end":{"line":105,"column":5}},"type":"if","locations":[{"start":{"line":103,"column":4},"end":{"line":105,"column":5}},{"start":{"line":103,"column":4},"end":{"line":105,"column":5}}],"line":103},"3":{"loc":{"start":{"line":109,"column":9},"end":{"line":126,"column":9}},"type":"cond-expr","locations":[{"start":{"line":110,"column":10},"end":{"line":116,"column":16}},{"start":{"line":118,"column":10},"end":{"line":125,"column":16}}],"line":109}},"s":{"0":2,"1":2,"2":5,"3":5,"4":5,"5":0,"6":0,"7":5,"8":75,"9":75,"10":5,"11":5,"12":35,"13":0,"14":0,"15":0,"16":0,"17":0,"18":0,"19":0,"20":0,"21":0,"22":0,"23":5,"24":5,"25":0,"26":5},"f":{"0":5,"1":5,"2":5,"3":75,"4":5,"5":35,"6":0,"7":0,"8":0,"9":0,"10":5},"b":{"0":[0,5],"1":[0,0],"2":[0,5],"3":[0,5]},"_coverageSchema":"43e27e138ebf9cfc5966b082cf9a028302ed4184","hash":"47fc4e15955c579a63948c4aea982e93c6bc417d"}
,"C:\\Users\\byiaf\\code\\gacha-crystals\\src\\client\\Headerbar.jsx": {"path":"C:\\Users\\byiaf\\code\\gacha-crystals\\src\\client\\Headerbar.jsx","statementMap":{"0":{"start":{"line":10,"column":4},"end":{"line":10,"column":17}},"1":{"start":{"line":13,"column":13},"end":{"line":32,"column":3}},"2":{"start":{"line":14,"column":16},"end":{"line":14,"column":29}},"3":{"start":{"line":18,"column":4},"end":{"line":23,"column":5}},"4":{"start":{"line":19,"column":6},"end":{"line":19,"column":54}},"5":{"start":{"line":21,"column":6},"end":{"line":21,"column":51}},"6":{"start":{"line":22,"column":6},"end":{"line":22,"column":13}},"7":{"start":{"line":25,"column":4},"end":{"line":28,"column":5}},"8":{"start":{"line":26,"column":6},"end":{"line":26,"column":79}},"9":{"start":{"line":27,"column":6},"end":{"line":27,"column":13}},"10":{"start":{"line":29,"column":4},"end":{"line":29,"column":40}},"11":{"start":{"line":30,"column":4},"end":{"line":30,"column":38}},"12":{"start":{"line":31,"column":4},"end":{"line":31,"column":33}},"13":{"start":{"line":35,"column":4},"end":{"line":44,"column":6}},"14":{"start":{"line":48,"column":4},"end":{"line":60,"column":6}},"15":{"start":{"line":64,"column":19},"end":{"line":64,"column":34}},"16":{"start":{"line":67,"column":4},"end":{"line":71,"column":5}},"17":{"start":{"line":68,"column":6},"end":{"line":68,"column":41}},"18":{"start":{"line":70,"column":6},"end":{"line":70,"column":44}},"19":{"start":{"line":73,"column":4},"end":{"line":80,"column":6}}},"fnMap":{"0":{"name":"(anonymous_0)","decl":{"start":{"line":9,"column":2},"end":{"line":9,"column":3}},"loc":{"start":{"line":9,"column":21},"end":{"line":11,"column":3}},"line":9},"1":{"name":"(anonymous_1)","decl":{"start":{"line":13,"column":13},"end":{"line":13,"column":14}},"loc":{"start":{"line":13,"column":25},"end":{"line":32,"column":3}},"line":13},"2":{"name":"(anonymous_2)","decl":{"start":{"line":34,"column":2},"end":{"line":34,"column":3}},"loc":{"start":{"line":34,"column":25},"end":{"line":45,"column":3}},"line":34},"3":{"name":"(anonymous_3)","decl":{"start":{"line":47,"column":2},"end":{"line":47,"column":3}},"loc":{"start":{"line":47,"column":22},"end":{"line":61,"column":3}},"line":47},"4":{"name":"(anonymous_4)","decl":{"start":{"line":63,"column":2},"end":{"line":63,"column":3}},"loc":{"start":{"line":63,"column":11},"end":{"line":81,"column":3}},"line":63}},"branchMap":{"0":{"loc":{"start":{"line":25,"column":4},"end":{"line":28,"column":5}},"type":"if","locations":[{"start":{"line":25,"column":4},"end":{"line":28,"column":5}},{"start":{"line":25,"column":4},"end":{"line":28,"column":5}}],"line":25},"1":{"loc":{"start":{"line":67,"column":4},"end":{"line":71,"column":5}},"type":"if","locations":[{"start":{"line":67,"column":4},"end":{"line":71,"column":5}},{"start":{"line":67,"column":4},"end":{"line":71,"column":5}}],"line":67}},"s":{"0":0,"1":0,"2":0,"3":0,"4":0,"5":0,"6":0,"7":0,"8":0,"9":0,"10":0,"11":0,"12":0,"13":0,"14":0,"15":0,"16":0,"17":0,"18":0,"19":0},"f":{"0":0,"1":0,"2":0,"3":0,"4":0},"b":{"0":[0,0],"1":[0,0]},"hash":"7772bc3f7ba931e23f5a185fa8fa51b7a4555114"}
,"C:\\Users\\byiaf\\code\\gacha-crystals\\src\\client\\Home.jsx": {"path":"C:\\Users\\byiaf\\code\\gacha-crystals\\src\\client\\Home.jsx","statementMap":{"0":{"start":{"line":5,"column":17},"end":{"line":5,"column":53}},"1":{"start":{"line":6,"column":21},"end":{"line":6,"column":54}},"2":{"start":{"line":10,"column":4},"end":{"line":10,"column":17}},"3":{"start":{"line":12,"column":4},"end":{"line":18,"column":6}},"4":{"start":{"line":22,"column":4},"end":{"line":25,"column":5}},"5":{"start":{"line":23,"column":6},"end":{"line":23,"column":42}},"6":{"start":{"line":24,"column":6},"end":{"line":24,"column":51}},"7":{"start":{"line":28,"column":20},"end":{"line":32,"column":3}},"8":{"start":{"line":29,"column":4},"end":{"line":29,"column":49}},"9":{"start":{"line":30,"column":4},"end":{"line":30,"column":24}},"10":{"start":{"line":31,"column":4},"end":{"line":31,"column":40}},"11":{"start":{"line":34,"column":23},"end":{"line":37,"column":3}},"12":{"start":{"line":36,"column":4},"end":{"line":36,"column":22}},"13":{"start":{"line":40,"column":16},"end":{"line":40,"column":35}},"14":{"start":{"line":41,"column":21},"end":{"line":41,"column":37}},"15":{"start":{"line":43,"column":4},"end":{"line":45,"column":5}},"16":{"start":{"line":44,"column":6},"end":{"line":44,"column":58}},"17":{"start":{"line":49,"column":16},"end":{"line":49,"column":33}},"18":{"start":{"line":50,"column":21},"end":{"line":50,"column":37}},"19":{"start":{"line":51,"column":4},"end":{"line":53,"column":5}},"20":{"start":{"line":52,"column":6},"end":{"line":52,"column":52}},"21":{"start":{"line":54,"column":4},"end":{"line":61,"column":5}},"22":{"start":{"line":55,"column":6},"end":{"line":55,"column":58}},"23":{"start":{"line":56,"column":6},"end":{"line":56,"column":37}},"24":{"start":{"line":57,"column":6},"end":{"line":57,"column":41}},"25":{"start":{"line":59,"column":6},"end":{"line":59,"column":24}},"26":{"start":{"line":60,"column":6},"end":{"line":60,"column":42}},"27":{"start":{"line":65,"column":17},"end":{"line":65,"column":38}},"28":{"start":{"line":79,"column":4},"end":{"line":117,"column":6}}},"fnMap":{"0":{"name":"(anonymous_0)","decl":{"start":{"line":9,"column":2},"end":{"line":9,"column":3}},"loc":{"start":{"line":9,"column":21},"end":{"line":19,"column":3}},"line":9},"1":{"name":"(anonymous_1)","decl":{"start":{"line":21,"column":2},"end":{"line":21,"column":3}},"loc":{"start":{"line":21,"column":22},"end":{"line":26,"column":3}},"line":21},"2":{"name":"(anonymous_2)","decl":{"start":{"line":28,"column":20},"end":{"line":28,"column":21}},"loc":{"start":{"line":28,"column":31},"end":{"line":32,"column":3}},"line":28},"3":{"name":"(anonymous_3)","decl":{"start":{"line":34,"column":23},"end":{"line":34,"column":24}},"loc":{"start":{"line":34,"column":34},"end":{"line":37,"column":3}},"line":34},"4":{"name":"(anonymous_4)","decl":{"start":{"line":39,"column":2},"end":{"line":39,"column":3}},"loc":{"start":{"line":39,"column":23},"end":{"line":46,"column":3}},"line":39},"5":{"name":"(anonymous_5)","decl":{"start":{"line":48,"column":2},"end":{"line":48,"column":3}},"loc":{"start":{"line":48,"column":21},"end":{"line":62,"column":3}},"line":48},"6":{"name":"(anonymous_6)","decl":{"start":{"line":64,"column":2},"end":{"line":64,"column":3}},"loc":{"start":{"line":64,"column":11},"end":{"line":118,"column":3}},"line":64}},"branchMap":{"0":{"loc":{"start":{"line":22,"column":4},"end":{"line":25,"column":5}},"type":"if","locations":[{"start":{"line":22,"column":4},"end":{"line":25,"column":5}},{"start":{"line":22,"column":4},"end":{"line":25,"column":5}}],"line":22},"1":{"loc":{"start":{"line":43,"column":4},"end":{"line":45,"column":5}},"type":"if","locations":[{"start":{"line":43,"column":4},"end":{"line":45,"column":5}},{"start":{"line":43,"column":4},"end":{"line":45,"column":5}}],"line":43},"2":{"loc":{"start":{"line":51,"column":4},"end":{"line":53,"column":5}},"type":"if","locations":[{"start":{"line":51,"column":4},"end":{"line":53,"column":5}},{"start":{"line":51,"column":4},"end":{"line":53,"column":5}}],"line":51},"3":{"loc":{"start":{"line":54,"column":4},"end":{"line":61,"column":5}},"type":"if","locations":[{"start":{"line":54,"column":4},"end":{"line":61,"column":5}},{"start":{"line":54,"column":4},"end":{"line":61,"column":5}}],"line":54},"4":{"loc":{"start":{"line":88,"column":9},"end":{"line":115,"column":9}},"type":"cond-expr","locations":[{"start":{"line":89,"column":10},"end":{"line":109,"column":16}},{"start":{"line":111,"column":10},"end":{"line":114,"column":16}}],"line":88},"5":{"loc":{"start":{"line":100,"column":17},"end":{"line":102,"column":35}},"type":"cond-expr","locations":[{"start":{"line":101,"column":20},"end":{"line":101,"column":51}},{"start":{"line":102,"column":20},"end":{"line":102,"column":35}}],"line":100}},"s":{"0":1,"1":1,"2":4,"3":4,"4":4,"5":0,"6":0,"7":4,"8":0,"9":0,"10":0,"11":4,"12":0,"13":0,"14":0,"15":0,"16":0,"17":0,"18":0,"19":0,"20":0,"21":0,"22":0,"23":0,"24":0,"25":0,"26":0,"27":4,"28":4},"f":{"0":4,"1":4,"2":0,"3":0,"4":0,"5":0,"6":4},"b":{"0":[0,4],"1":[0,0],"2":[0,0],"3":[0,0],"4":[0,4],"5":[0,0]},"_coverageSchema":"43e27e138ebf9cfc5966b082cf9a028302ed4184","hash":"8da88a97d9eae2efb5f85b3a14a9896b8229cd0f"}
,"C:\\Users\\byiaf\\code\\gacha-crystals\\src\\client\\Index.jsx": {"path":"C:\\Users\\byiaf\\code\\gacha-crystals\\src\\client\\Index.jsx","statementMap":{"0":{"start":{"line":13,"column":4},"end":{"line":13,"column":17}},"1":{"start":{"line":18,"column":4},"end":{"line":21,"column":6}},"2":{"start":{"line":37,"column":4},"end":{"line":37,"column":34}},"3":{"start":{"line":39,"column":19},"end":{"line":39,"column":24}},"4":{"start":{"line":40,"column":4},"end":{"line":42,"column":5}},"5":{"start":{"line":41,"column":6},"end":{"line":41,"column":24}},"6":{"start":{"line":44,"column":4},"end":{"line":44,"column":72}},"7":{"start":{"line":46,"column":4},"end":{"line":55,"column":6}},"8":{"start":{"line":47,"column":18},"end":{"line":47,"column":40}},"9":{"start":{"line":49,"column":6},"end":{"line":52,"column":7}},"10":{"start":{"line":50,"column":8},"end":{"line":50,"column":46}},"11":{"start":{"line":51,"column":8},"end":{"line":51,"column":15}},"12":{"start":{"line":54,"column":6},"end":{"line":54,"column":50}},"13":{"start":{"line":59,"column":4},"end":{"line":59,"column":24}},"14":{"start":{"line":62,"column":27},"end":{"line":92,"column":3}},"15":{"start":{"line":63,"column":16},"end":{"line":63,"column":27}},"16":{"start":{"line":67,"column":4},"end":{"line":74,"column":5}},"17":{"start":{"line":68,"column":6},"end":{"line":70,"column":9}},"18":{"start":{"line":72,"column":6},"end":{"line":72,"column":73}},"19":{"start":{"line":73,"column":6},"end":{"line":73,"column":13}},"20":{"start":{"line":76,"column":4},"end":{"line":76,"column":33}},"21":{"start":{"line":77,"column":4},"end":{"line":81,"column":5}},"22":{"start":{"line":79,"column":6},"end":{"line":79,"column":36}},"23":{"start":{"line":80,"column":6},"end":{"line":80,"column":13}},"24":{"start":{"line":83,"column":4},"end":{"line":91,"column":5}},"25":{"start":{"line":85,"column":6},"end":{"line":85,"column":76}},"26":{"start":{"line":87,"column":22},"end":{"line":87,"column":43}},"27":{"start":{"line":88,"column":6},"end":{"line":88,"column":61}},"28":{"start":{"line":89,"column":6},"end":{"line":89,"column":47}},"29":{"start":{"line":90,"column":6},"end":{"line":90,"column":42}},"30":{"start":{"line":94,"column":23},"end":{"line":97,"column":3}},"31":{"start":{"line":95,"column":4},"end":{"line":95,"column":34}},"32":{"start":{"line":96,"column":4},"end":{"line":96,"column":22}},"33":{"start":{"line":99,"column":21},"end":{"line":101,"column":3}},"34":{"start":{"line":100,"column":4},"end":{"line":100,"column":38}},"35":{"start":{"line":104,"column":4},"end":{"line":109,"column":6}},"36":{"start":{"line":120,"column":15},"end":{"line":120,"column":58}},"37":{"start":{"line":121,"column":4},"end":{"line":191,"column":6}},"38":{"start":{"line":136,"column":16},"end":{"line":142,"column":18}},"39":{"start":{"line":149,"column":16},"end":{"line":152,"column":18}},"40":{"start":{"line":159,"column":16},"end":{"line":162,"column":18}},"41":{"start":{"line":169,"column":16},"end":{"line":172,"column":18}},"42":{"start":{"line":179,"column":16},"end":{"line":184,"column":18}},"43":{"start":{"line":195,"column":0},"end":{"line":195,"column":58}}},"fnMap":{"0":{"name":"(anonymous_0)","decl":{"start":{"line":12,"column":2},"end":{"line":12,"column":3}},"loc":{"start":{"line":12,"column":21},"end":{"line":22,"column":3}},"line":12},"1":{"name":"(anonymous_1)","decl":{"start":{"line":36,"column":2},"end":{"line":36,"column":3}},"loc":{"start":{"line":36,"column":22},"end":{"line":56,"column":3}},"line":36},"2":{"name":"(anonymous_2)","decl":{"start":{"line":46,"column":28},"end":{"line":46,"column":29}},"loc":{"start":{"line":46,"column":39},"end":{"line":55,"column":5}},"line":46},"3":{"name":"(anonymous_3)","decl":{"start":{"line":58,"column":2},"end":{"line":58,"column":3}},"loc":{"start":{"line":58,"column":25},"end":{"line":60,"column":3}},"line":58},"4":{"name":"(anonymous_4)","decl":{"start":{"line":62,"column":27},"end":{"line":62,"column":28}},"loc":{"start":{"line":62,"column":39},"end":{"line":92,"column":3}},"line":62},"5":{"name":"(anonymous_5)","decl":{"start":{"line":94,"column":23},"end":{"line":94,"column":24}},"loc":{"start":{"line":94,"column":33},"end":{"line":97,"column":3}},"line":94},"6":{"name":"(anonymous_6)","decl":{"start":{"line":99,"column":21},"end":{"line":99,"column":22}},"loc":{"start":{"line":99,"column":31},"end":{"line":101,"column":3}},"line":99},"7":{"name":"(anonymous_7)","decl":{"start":{"line":103,"column":2},"end":{"line":103,"column":3}},"loc":{"start":{"line":103,"column":13},"end":{"line":110,"column":3}},"line":103},"8":{"name":"(anonymous_8)","decl":{"start":{"line":112,"column":2},"end":{"line":112,"column":3}},"loc":{"start":{"line":112,"column":11},"end":{"line":192,"column":3}},"line":112},"9":{"name":"(anonymous_9)","decl":{"start":{"line":135,"column":22},"end":{"line":135,"column":23}},"loc":{"start":{"line":136,"column":16},"end":{"line":142,"column":18}},"line":136},"10":{"name":"(anonymous_10)","decl":{"start":{"line":148,"column":22},"end":{"line":148,"column":23}},"loc":{"start":{"line":149,"column":16},"end":{"line":152,"column":18}},"line":149},"11":{"name":"(anonymous_11)","decl":{"start":{"line":158,"column":22},"end":{"line":158,"column":23}},"loc":{"start":{"line":159,"column":16},"end":{"line":162,"column":18}},"line":159},"12":{"name":"(anonymous_12)","decl":{"start":{"line":168,"column":22},"end":{"line":168,"column":23}},"loc":{"start":{"line":169,"column":16},"end":{"line":172,"column":18}},"line":169},"13":{"name":"(anonymous_13)","decl":{"start":{"line":178,"column":22},"end":{"line":178,"column":23}},"loc":{"start":{"line":179,"column":16},"end":{"line":184,"column":18}},"line":179}},"branchMap":{"0":{"loc":{"start":{"line":40,"column":4},"end":{"line":42,"column":5}},"type":"if","locations":[{"start":{"line":40,"column":4},"end":{"line":42,"column":5}},{"start":{"line":40,"column":4},"end":{"line":42,"column":5}}],"line":40},"1":{"loc":{"start":{"line":49,"column":6},"end":{"line":52,"column":7}},"type":"if","locations":[{"start":{"line":49,"column":6},"end":{"line":52,"column":7}},{"start":{"line":49,"column":6},"end":{"line":52,"column":7}}],"line":49},"2":{"loc":{"start":{"line":49,"column":10},"end":{"line":49,"column":32}},"type":"binary-expr","locations":[{"start":{"line":49,"column":10},"end":{"line":49,"column":14}},{"start":{"line":49,"column":18},"end":{"line":49,"column":32}}],"line":49},"3":{"loc":{"start":{"line":77,"column":4},"end":{"line":81,"column":5}},"type":"if","locations":[{"start":{"line":77,"column":4},"end":{"line":81,"column":5}},{"start":{"line":77,"column":4},"end":{"line":81,"column":5}}],"line":77},"4":{"loc":{"start":{"line":83,"column":4},"end":{"line":91,"column":5}},"type":"if","locations":[{"start":{"line":83,"column":4},"end":{"line":91,"column":5}},{"start":{"line":83,"column":4},"end":{"line":91,"column":5}}],"line":83},"5":{"loc":{"start":{"line":120,"column":15},"end":{"line":120,"column":58}},"type":"cond-expr","locations":[{"start":{"line":120,"column":33},"end":{"line":120,"column":51}},{"start":{"line":120,"column":54},"end":{"line":120,"column":58}}],"line":120}},"s":{"0":0,"1":0,"2":0,"3":0,"4":0,"5":0,"6":0,"7":0,"8":0,"9":0,"10":0,"11":0,"12":0,"13":0,"14":0,"15":0,"16":0,"17":0,"18":0,"19":0,"20":0,"21":0,"22":0,"23":0,"24":0,"25":0,"26":0,"27":0,"28":0,"29":0,"30":0,"31":0,"32":0,"33":0,"34":0,"35":0,"36":0,"37":0,"38":0,"39":0,"40":0,"41":0,"42":0,"43":0},"f":{"0":0,"1":0,"2":0,"3":0,"4":0,"5":0,"6":0,"7":0,"8":0,"9":0,"10":0,"11":0,"12":0,"13":0},"b":{"0":[0,0],"1":[0,0],"2":[0,0],"3":[0,0],"4":[0,0],"5":[0,0]},"hash":"ee18c3591e8431a82744ce9dc976471f6279ac0e"}
,"C:\\Users\\byiaf\\code\\gacha-crystals\\src\\client\\Login.jsx": {"path":"C:\\Users\\byiaf\\code\\gacha-crystals\\src\\client\\Login.jsx","statementMap":{"0":{"start":{"line":6,"column":4},"end":{"line":6,"column":17}},"1":{"start":{"line":8,"column":4},"end":{"line":12,"column":6}},"2":{"start":{"line":15,"column":19},"end":{"line":17,"column":3}},"3":{"start":{"line":16,"column":4},"end":{"line":16,"column":50}},"4":{"start":{"line":19,"column":21},"end":{"line":21,"column":3}},"5":{"start":{"line":20,"column":4},"end":{"line":20,"column":52}},"6":{"start":{"line":23,"column":12},"end":{"line":61,"column":3}},"7":{"start":{"line":24,"column":33},"end":{"line":24,"column":43}},"8":{"start":{"line":26,"column":16},"end":{"line":26,"column":28}},"9":{"start":{"line":28,"column":20},"end":{"line":28,"column":58}},"10":{"start":{"line":32,"column":4},"end":{"line":43,"column":5}},"11":{"start":{"line":33,"column":6},"end":{"line":39,"column":9}},"12":{"start":{"line":41,"column":6},"end":{"line":41,"column":73}},"13":{"start":{"line":42,"column":6},"end":{"line":42,"column":13}},"14":{"start":{"line":45,"column":4},"end":{"line":48,"column":5}},"15":{"start":{"line":46,"column":6},"end":{"line":46,"column":61}},"16":{"start":{"line":47,"column":6},"end":{"line":47,"column":13}},"17":{"start":{"line":50,"column":4},"end":{"line":56,"column":5}},"18":{"start":{"line":51,"column":6},"end":{"line":54,"column":9}},"19":{"start":{"line":55,"column":6},"end":{"line":55,"column":13}},"20":{"start":{"line":58,"column":4},"end":{"line":58,"column":38}},"21":{"start":{"line":59,"column":4},"end":{"line":59,"column":46}},"22":{"start":{"line":60,"column":4},"end":{"line":60,"column":33}},"23":{"start":{"line":64,"column":16},"end":{"line":64,"column":27}},"24":{"start":{"line":65,"column":4},"end":{"line":71,"column":5}},"25":{"start":{"line":66,"column":6},"end":{"line":70,"column":8}},"26":{"start":{"line":73,"column":4},"end":{"line":103,"column":6}}},"fnMap":{"0":{"name":"(anonymous_0)","decl":{"start":{"line":5,"column":2},"end":{"line":5,"column":3}},"loc":{"start":{"line":5,"column":21},"end":{"line":13,"column":3}},"line":5},"1":{"name":"(anonymous_1)","decl":{"start":{"line":15,"column":19},"end":{"line":15,"column":20}},"loc":{"start":{"line":15,"column":30},"end":{"line":17,"column":3}},"line":15},"2":{"name":"(anonymous_2)","decl":{"start":{"line":19,"column":21},"end":{"line":19,"column":22}},"loc":{"start":{"line":19,"column":32},"end":{"line":21,"column":3}},"line":19},"3":{"name":"(anonymous_3)","decl":{"start":{"line":23,"column":12},"end":{"line":23,"column":13}},"loc":{"start":{"line":23,"column":24},"end":{"line":61,"column":3}},"line":23},"4":{"name":"(anonymous_4)","decl":{"start":{"line":63,"column":2},"end":{"line":63,"column":3}},"loc":{"start":{"line":63,"column":11},"end":{"line":104,"column":3}},"line":63}},"branchMap":{"0":{"loc":{"start":{"line":45,"column":4},"end":{"line":48,"column":5}},"type":"if","locations":[{"start":{"line":45,"column":4},"end":{"line":48,"column":5}},{"start":{"line":45,"column":4},"end":{"line":48,"column":5}}],"line":45},"1":{"loc":{"start":{"line":50,"column":4},"end":{"line":56,"column":5}},"type":"if","locations":[{"start":{"line":50,"column":4},"end":{"line":56,"column":5}},{"start":{"line":50,"column":4},"end":{"line":56,"column":5}}],"line":50},"2":{"loc":{"start":{"line":65,"column":4},"end":{"line":71,"column":5}},"type":"if","locations":[{"start":{"line":65,"column":4},"end":{"line":71,"column":5}},{"start":{"line":65,"column":4},"end":{"line":71,"column":5}}],"line":65}},"s":{"0":1,"1":1,"2":1,"3":1,"4":1,"5":1,"6":1,"7":1,"8":1,"9":1,"10":1,"11":1,"12":1,"13":1,"14":0,"15":0,"16":0,"17":0,"18":0,"19":0,"20":0,"21":0,"22":0,"23":4,"24":4,"25":1,"26":4},"f":{"0":1,"1":1,"2":1,"3":1,"4":4},"b":{"0":[0,0],"1":[0,0],"2":[1,3]},"_coverageSchema":"43e27e138ebf9cfc5966b082cf9a028302ed4184","hash":"22c6de6a4724a56a0dcf41a44e6757c1196785bc"}
,"C:\\Users\\byiaf\\code\\gacha-crystals\\src\\client\\Signup.jsx": {"path":"C:\\Users\\byiaf\\code\\gacha-crystals\\src\\client\\Signup.jsx","statementMap":{"0":{"start":{"line":6,"column":4},"end":{"line":6,"column":17}},"1":{"start":{"line":8,"column":4},"end":{"line":13,"column":6}},"2":{"start":{"line":16,"column":19},"end":{"line":19,"column":3}},"3":{"start":{"line":17,"column":4},"end":{"line":17,"column":66}},"4":{"start":{"line":18,"column":4},"end":{"line":18,"column":33}},"5":{"start":{"line":21,"column":21},"end":{"line":24,"column":3}},"6":{"start":{"line":22,"column":4},"end":{"line":22,"column":68}},"7":{"start":{"line":23,"column":4},"end":{"line":23,"column":35}},"8":{"start":{"line":26,"column":20},"end":{"line":29,"column":3}},"9":{"start":{"line":27,"column":4},"end":{"line":27,"column":67}},"10":{"start":{"line":28,"column":4},"end":{"line":28,"column":34}},"11":{"start":{"line":31,"column":13},"end":{"line":75,"column":3}},"12":{"start":{"line":32,"column":4},"end":{"line":32,"column":27}},"13":{"start":{"line":33,"column":42},"end":{"line":33,"column":52}},"14":{"start":{"line":35,"column":4},"end":{"line":38,"column":5}},"15":{"start":{"line":36,"column":6},"end":{"line":36,"column":60}},"16":{"start":{"line":37,"column":6},"end":{"line":37,"column":13}},"17":{"start":{"line":40,"column":16},"end":{"line":40,"column":29}},"18":{"start":{"line":42,"column":20},"end":{"line":42,"column":58}},"19":{"start":{"line":46,"column":4},"end":{"line":57,"column":5}},"20":{"start":{"line":47,"column":6},"end":{"line":53,"column":9}},"21":{"start":{"line":55,"column":6},"end":{"line":55,"column":73}},"22":{"start":{"line":56,"column":6},"end":{"line":56,"column":13}},"23":{"start":{"line":59,"column":4},"end":{"line":62,"column":5}},"24":{"start":{"line":60,"column":6},"end":{"line":60,"column":61}},"25":{"start":{"line":61,"column":6},"end":{"line":61,"column":13}},"26":{"start":{"line":64,"column":4},"end":{"line":70,"column":5}},"27":{"start":{"line":65,"column":6},"end":{"line":68,"column":9}},"28":{"start":{"line":69,"column":6},"end":{"line":69,"column":13}},"29":{"start":{"line":72,"column":4},"end":{"line":72,"column":38}},"30":{"start":{"line":73,"column":4},"end":{"line":73,"column":46}},"31":{"start":{"line":74,"column":4},"end":{"line":74,"column":33}},"32":{"start":{"line":78,"column":16},"end":{"line":78,"column":27}},"33":{"start":{"line":79,"column":4},"end":{"line":85,"column":5}},"34":{"start":{"line":80,"column":6},"end":{"line":84,"column":8}},"35":{"start":{"line":87,"column":21},"end":{"line":87,"column":25}},"36":{"start":{"line":88,"column":4},"end":{"line":90,"column":5}},"37":{"start":{"line":89,"column":6},"end":{"line":89,"column":34}},"38":{"start":{"line":92,"column":4},"end":{"line":129,"column":6}}},"fnMap":{"0":{"name":"(anonymous_0)","decl":{"start":{"line":5,"column":2},"end":{"line":5,"column":3}},"loc":{"start":{"line":5,"column":21},"end":{"line":14,"column":3}},"line":5},"1":{"name":"(anonymous_1)","decl":{"start":{"line":16,"column":19},"end":{"line":16,"column":20}},"loc":{"start":{"line":16,"column":30},"end":{"line":19,"column":3}},"line":16},"2":{"name":"(anonymous_2)","decl":{"start":{"line":21,"column":21},"end":{"line":21,"column":22}},"loc":{"start":{"line":21,"column":32},"end":{"line":24,"column":3}},"line":21},"3":{"name":"(anonymous_3)","decl":{"start":{"line":26,"column":20},"end":{"line":26,"column":21}},"loc":{"start":{"line":26,"column":31},"end":{"line":29,"column":3}},"line":26},"4":{"name":"(anonymous_4)","decl":{"start":{"line":31,"column":13},"end":{"line":31,"column":14}},"loc":{"start":{"line":31,"column":25},"end":{"line":75,"column":3}},"line":31},"5":{"name":"(anonymous_5)","decl":{"start":{"line":77,"column":2},"end":{"line":77,"column":3}},"loc":{"start":{"line":77,"column":11},"end":{"line":130,"column":3}},"line":77}},"branchMap":{"0":{"loc":{"start":{"line":35,"column":4},"end":{"line":38,"column":5}},"type":"if","locations":[{"start":{"line":35,"column":4},"end":{"line":38,"column":5}},{"start":{"line":35,"column":4},"end":{"line":38,"column":5}}],"line":35},"1":{"loc":{"start":{"line":59,"column":4},"end":{"line":62,"column":5}},"type":"if","locations":[{"start":{"line":59,"column":4},"end":{"line":62,"column":5}},{"start":{"line":59,"column":4},"end":{"line":62,"column":5}}],"line":59},"2":{"loc":{"start":{"line":64,"column":4},"end":{"line":70,"column":5}},"type":"if","locations":[{"start":{"line":64,"column":4},"end":{"line":70,"column":5}},{"start":{"line":64,"column":4},"end":{"line":70,"column":5}}],"line":64},"3":{"loc":{"start":{"line":79,"column":4},"end":{"line":85,"column":5}},"type":"if","locations":[{"start":{"line":79,"column":4},"end":{"line":85,"column":5}},{"start":{"line":79,"column":4},"end":{"line":85,"column":5}}],"line":79},"4":{"loc":{"start":{"line":88,"column":4},"end":{"line":90,"column":5}},"type":"if","locations":[{"start":{"line":88,"column":4},"end":{"line":90,"column":5}},{"start":{"line":88,"column":4},"end":{"line":90,"column":5}}],"line":88}},"s":{"0":4,"1":4,"2":4,"3":4,"4":4,"5":4,"6":4,"7":4,"8":4,"9":4,"10":4,"11":4,"12":4,"13":4,"14":4,"15":0,"16":0,"17":4,"18":4,"19":4,"20":4,"21":4,"22":4,"23":0,"24":0,"25":0,"26":0,"27":0,"28":0,"29":0,"30":0,"31":0,"32":20,"33":20,"34":4,"35":20,"36":20,"37":4,"38":20},"f":{"0":4,"1":4,"2":4,"3":4,"4":4,"5":20},"b":{"0":[0,4],"1":[0,0],"2":[0,0],"3":[4,16],"4":[4,16]},"_coverageSchema":"43e27e138ebf9cfc5966b082cf9a028302ed4184","hash":"126b40ffa9b7b5a898a381169e54cf49d046d53a"}
,"C:\\Users\\byiaf\\code\\gacha-crystals\\src\\server\\app.js": {"path":"C:\\Users\\byiaf\\code\\gacha-crystals\\src\\server\\app.js","statementMap":{"0":{"start":{"line":1,"column":16},"end":{"line":1,"column":34}},"1":{"start":{"line":2,"column":19},"end":{"line":2,"column":41}},"2":{"start":{"line":3,"column":17},"end":{"line":3,"column":36}},"3":{"start":{"line":4,"column":16},"end":{"line":4,"column":42}},"4":{"start":{"line":5,"column":22},"end":{"line":5,"column":56}},"5":{"start":{"line":6,"column":13},"end":{"line":6,"column":28}},"6":{"start":{"line":8,"column":16},"end":{"line":8,"column":48}},"7":{"start":{"line":9,"column":14},"end":{"line":9,"column":39}},"8":{"start":{"line":11,"column":18},"end":{"line":11,"column":41}},"9":{"start":{"line":14,"column":12},"end":{"line":14,"column":21}},"10":{"start":{"line":17,"column":0},"end":{"line":17,"column":27}},"11":{"start":{"line":19,"column":0},"end":{"line":19,"column":20}},"12":{"start":{"line":22,"column":0},"end":{"line":26,"column":4}},"13":{"start":{"line":30,"column":0},"end":{"line":30,"column":34}},"14":{"start":{"line":33,"column":0},"end":{"line":49,"column":3}},"15":{"start":{"line":40,"column":19},"end":{"line":40,"column":53}},"16":{"start":{"line":42,"column":8},"end":{"line":44,"column":9}},"17":{"start":{"line":43,"column":12},"end":{"line":43,"column":77}},"18":{"start":{"line":46,"column":21},"end":{"line":46,"column":42}},"19":{"start":{"line":47,"column":8},"end":{"line":47,"column":32}},"20":{"start":{"line":52,"column":0},"end":{"line":54,"column":3}},"21":{"start":{"line":53,"column":4},"end":{"line":53,"column":24}},"22":{"start":{"line":56,"column":0},"end":{"line":65,"column":3}},"23":{"start":{"line":58,"column":17},"end":{"line":58,"column":34}},"24":{"start":{"line":60,"column":4},"end":{"line":64,"column":5}},"25":{"start":{"line":61,"column":8},"end":{"line":61,"column":25}},"26":{"start":{"line":63,"column":8},"end":{"line":63,"column":26}},"27":{"start":{"line":67,"column":0},"end":{"line":67,"column":31}},"28":{"start":{"line":68,"column":0},"end":{"line":68,"column":28}},"29":{"start":{"line":72,"column":0},"end":{"line":72,"column":22}},"30":{"start":{"line":75,"column":0},"end":{"line":77,"column":3}},"31":{"start":{"line":76,"column":4},"end":{"line":76,"column":78}},"32":{"start":{"line":79,"column":0},"end":{"line":79,"column":23}}},"fnMap":{"0":{"name":"(anonymous_0)","decl":{"start":{"line":38,"column":4},"end":{"line":38,"column":5}},"loc":{"start":{"line":38,"column":38},"end":{"line":48,"column":5}},"line":38},"1":{"name":"(anonymous_1)","decl":{"start":{"line":52,"column":23},"end":{"line":52,"column":24}},"loc":{"start":{"line":52,"column":45},"end":{"line":54,"column":1}},"line":52},"2":{"name":"(anonymous_2)","decl":{"start":{"line":56,"column":25},"end":{"line":56,"column":26}},"loc":{"start":{"line":56,"column":45},"end":{"line":65,"column":1}},"line":56},"3":{"name":"(anonymous_3)","decl":{"start":{"line":75,"column":8},"end":{"line":75,"column":9}},"loc":{"start":{"line":75,"column":28},"end":{"line":77,"column":1}},"line":75}},"branchMap":{"0":{"loc":{"start":{"line":42,"column":8},"end":{"line":44,"column":9}},"type":"if","locations":[{"start":{"line":42,"column":8},"end":{"line":44,"column":9}},{"start":{"line":42,"column":8},"end":{"line":44,"column":9}}],"line":42},"1":{"loc":{"start":{"line":60,"column":4},"end":{"line":64,"column":5}},"type":"if","locations":[{"start":{"line":60,"column":4},"end":{"line":64,"column":5}},{"start":{"line":60,"column":4},"end":{"line":64,"column":5}}],"line":60}},"s":{"0":1,"1":1,"2":1,"3":1,"4":1,"5":1,"6":1,"7":1,"8":1,"9":1,"10":1,"11":1,"12":1,"13":1,"14":1,"15":7,"16":7,"17":1,"18":6,"19":6,"20":1,"21":6,"22":1,"23":5,"24":5,"25":5,"26":0,"27":1,"28":1,"29":1,"30":1,"31":0,"32":1},"f":{"0":7,"1":6,"2":5,"3":0},"b":{"0":[1,6],"1":[5,0]},"_coverageSchema":"43e27e138ebf9cfc5966b082cf9a028302ed4184","hash":"80665ae722ec68c42f6ad22923c73d756c140ac0"}
,"C:\\Users\\byiaf\\code\\gacha-crystals\\src\\server\\server.js": {"path":"C:\\Users\\byiaf\\code\\gacha-crystals\\src\\server\\server.js","statementMap":{"0":{"start":{"line":1,"column":14},"end":{"line":1,"column":30}},"1":{"start":{"line":3,"column":13},"end":{"line":3,"column":37}},"2":{"start":{"line":5,"column":0},"end":{"line":7,"column":3}},"3":{"start":{"line":6,"column":4},"end":{"line":6,"column":50}}},"fnMap":{"0":{"name":"(anonymous_0)","decl":{"start":{"line":5,"column":17},"end":{"line":5,"column":18}},"loc":{"start":{"line":5,"column":23},"end":{"line":7,"column":1}},"line":5}},"branchMap":{"0":{"loc":{"start":{"line":3,"column":13},"end":{"line":3,"column":37}},"type":"binary-expr","locations":[{"start":{"line":3,"column":13},"end":{"line":3,"column":29}},{"start":{"line":3,"column":33},"end":{"line":3,"column":37}}],"line":3}},"s":{"0":0,"1":0,"2":0,"3":0},"f":{"0":0},"b":{"0":[0,0]},"hash":"5dcfa62e60c97a036b26092aee06977dc8dfb8c1"}
,"C:\\Users\\byiaf\\code\\gacha-crystals\\src\\server\\ws-handler.js": {"path":"C:\\Users\\byiaf\\code\\gacha-crystals\\src\\server\\ws-handler.js","statementMap":{"0":{"start":{"line":1,"column":19},"end":{"line":1,"column":40}},"1":{"start":{"line":8,"column":4},"end":{"line":8,"column":26}},"2":{"start":{"line":10,"column":4},"end":{"line":22,"column":7}},"3":{"start":{"line":11,"column":8},"end":{"line":11,"column":55}},"4":{"start":{"line":14,"column":8},"end":{"line":16,"column":12}},"5":{"start":{"line":15,"column":12},"end":{"line":15,"column":42}},"6":{"start":{"line":19,"column":8},"end":{"line":21,"column":11}},"7":{"start":{"line":20,"column":11},"end":{"line":20,"column":43}},"8":{"start":{"line":30,"column":0},"end":{"line":30,"column":24}}},"fnMap":{"0":{"name":"init","decl":{"start":{"line":6,"column":9},"end":{"line":6,"column":13}},"loc":{"start":{"line":6,"column":19},"end":{"line":23,"column":1}},"line":6},"1":{"name":"(anonymous_1)","decl":{"start":{"line":10,"column":16},"end":{"line":10,"column":17}},"loc":{"start":{"line":10,"column":39},"end":{"line":22,"column":5}},"line":10},"2":{"name":"(anonymous_2)","decl":{"start":{"line":14,"column":29},"end":{"line":14,"column":30}},"loc":{"start":{"line":14,"column":39},"end":{"line":16,"column":10}},"line":14},"3":{"name":"(anonymous_3)","decl":{"start":{"line":19,"column":27},"end":{"line":19,"column":28}},"loc":{"start":{"line":19,"column":33},"end":{"line":21,"column":9}},"line":19},"4":{"name":"processWebsocketMessage","decl":{"start":{"line":25,"column":9},"end":{"line":25,"column":32}},"loc":{"start":{"line":25,"column":35},"end":{"line":27,"column":1}},"line":25}},"branchMap":{},"s":{"0":1,"1":1,"2":1,"3":0,"4":0,"5":0,"6":0,"7":0,"8":1},"f":{"0":1,"1":0,"2":0,"3":0,"4":0},"b":{},"_coverageSchema":"43e27e138ebf9cfc5966b082cf9a028302ed4184","hash":"3666041532aa4dce5dbce734d75524012f2fb380"}
,"C:\\Users\\byiaf\\code\\gacha-crystals\\src\\server\\routes\\api-endpoint.js": {"path":"C:\\Users\\byiaf\\code\\gacha-crystals\\src\\server\\routes\\api-endpoint.js","statementMap":{"0":{"start":{"line":1,"column":16},"end":{"line":1,"column":34}},"1":{"start":{"line":2,"column":17},"end":{"line":2,"column":36}},"2":{"start":{"line":4,"column":14},"end":{"line":4,"column":40}},"3":{"start":{"line":6,"column":15},"end":{"line":6,"column":31}},"4":{"start":{"line":8,"column":0},"end":{"line":11,"column":3}},"5":{"start":{"line":10,"column":4},"end":{"line":10,"column":27}},"6":{"start":{"line":13,"column":0},"end":{"line":32,"column":3}},"7":{"start":{"line":15,"column":20},"end":{"line":15,"column":72}},"8":{"start":{"line":17,"column":4},"end":{"line":20,"column":5}},"9":{"start":{"line":18,"column":8},"end":{"line":18,"column":31}},"10":{"start":{"line":19,"column":8},"end":{"line":19,"column":15}},"11":{"start":{"line":22,"column":4},"end":{"line":31,"column":7}},"12":{"start":{"line":23,"column":8},"end":{"line":30,"column":11}},"13":{"start":{"line":24,"column":12},"end":{"line":29,"column":13}},"14":{"start":{"line":26,"column":16},"end":{"line":26,"column":39}},"15":{"start":{"line":28,"column":16},"end":{"line":28,"column":39}},"16":{"start":{"line":34,"column":0},"end":{"line":38,"column":3}},"17":{"start":{"line":36,"column":4},"end":{"line":36,"column":17}},"18":{"start":{"line":37,"column":4},"end":{"line":37,"column":27}},"19":{"start":{"line":40,"column":0},"end":{"line":45,"column":3}},"20":{"start":{"line":41,"column":4},"end":{"line":44,"column":5}},"21":{"start":{"line":42,"column":21},"end":{"line":42,"column":49}},"22":{"start":{"line":43,"column":8},"end":{"line":43,"column":23}},"23":{"start":{"line":48,"column":0},"end":{"line":57,"column":3}},"24":{"start":{"line":50,"column":4},"end":{"line":56,"column":5}},"25":{"start":{"line":51,"column":23},"end":{"line":51,"column":34}},"26":{"start":{"line":52,"column":8},"end":{"line":54,"column":9}},"27":{"start":{"line":53,"column":12},"end":{"line":53,"column":39}},"28":{"start":{"line":55,"column":8},"end":{"line":55,"column":31}},"29":{"start":{"line":61,"column":0},"end":{"line":72,"column":2}},"30":{"start":{"line":62,"column":4},"end":{"line":71,"column":5}},"31":{"start":{"line":63,"column":23},"end":{"line":63,"column":34}},"32":{"start":{"line":64,"column":7},"end":{"line":68,"column":8}},"33":{"start":{"line":65,"column":12},"end":{"line":65,"column":35}},"34":{"start":{"line":67,"column":12},"end":{"line":67,"column":35}},"35":{"start":{"line":70,"column":4},"end":{"line":70,"column":27}},"36":{"start":{"line":74,"column":0},"end":{"line":83,"column":3}},"37":{"start":{"line":76,"column":4},"end":{"line":82,"column":5}},"38":{"start":{"line":77,"column":8},"end":{"line":81,"column":9}},"39":{"start":{"line":78,"column":12},"end":{"line":78,"column":35}},"40":{"start":{"line":80,"column":12},"end":{"line":80,"column":34}},"41":{"start":{"line":90,"column":0},"end":{"line":108,"column":3}},"42":{"start":{"line":92,"column":4},"end":{"line":95,"column":5}},"43":{"start":{"line":93,"column":8},"end":{"line":93,"column":31}},"44":{"start":{"line":94,"column":8},"end":{"line":94,"column":15}},"45":{"start":{"line":97,"column":17},"end":{"line":97,"column":43}},"46":{"start":{"line":100,"column":4},"end":{"line":107,"column":6}},"47":{"start":{"line":111,"column":0},"end":{"line":111,"column":24}}},"fnMap":{"0":{"name":"(anonymous_0)","decl":{"start":{"line":8,"column":58},"end":{"line":8,"column":59}},"loc":{"start":{"line":8,"column":72},"end":{"line":11,"column":1}},"line":8},"1":{"name":"(anonymous_1)","decl":{"start":{"line":13,"column":27},"end":{"line":13,"column":28}},"loc":{"start":{"line":13,"column":47},"end":{"line":32,"column":1}},"line":13},"2":{"name":"(anonymous_2)","decl":{"start":{"line":22,"column":45},"end":{"line":22,"column":46}},"loc":{"start":{"line":22,"column":51},"end":{"line":31,"column":5}},"line":22},"3":{"name":"(anonymous_3)","decl":{"start":{"line":23,"column":25},"end":{"line":23,"column":26}},"loc":{"start":{"line":23,"column":34},"end":{"line":30,"column":9}},"line":23},"4":{"name":"(anonymous_4)","decl":{"start":{"line":34,"column":27},"end":{"line":34,"column":28}},"loc":{"start":{"line":34,"column":47},"end":{"line":38,"column":1}},"line":34},"5":{"name":"(anonymous_5)","decl":{"start":{"line":40,"column":28},"end":{"line":40,"column":29}},"loc":{"start":{"line":40,"column":42},"end":{"line":45,"column":1}},"line":40},"6":{"name":"(anonymous_6)","decl":{"start":{"line":48,"column":32},"end":{"line":48,"column":33}},"loc":{"start":{"line":48,"column":46},"end":{"line":57,"column":1}},"line":48},"7":{"name":"(anonymous_7)","decl":{"start":{"line":61,"column":30},"end":{"line":61,"column":31}},"loc":{"start":{"line":61,"column":44},"end":{"line":72,"column":1}},"line":61},"8":{"name":"(anonymous_8)","decl":{"start":{"line":74,"column":35},"end":{"line":74,"column":36}},"loc":{"start":{"line":74,"column":49},"end":{"line":83,"column":1}},"line":74},"9":{"name":"(anonymous_9)","decl":{"start":{"line":90,"column":24},"end":{"line":90,"column":25}},"loc":{"start":{"line":90,"column":44},"end":{"line":108,"column":1}},"line":90}},"branchMap":{"0":{"loc":{"start":{"line":17,"column":4},"end":{"line":20,"column":5}},"type":"if","locations":[{"start":{"line":17,"column":4},"end":{"line":20,"column":5}},{"start":{"line":17,"column":4},"end":{"line":20,"column":5}}],"line":17},"1":{"loc":{"start":{"line":24,"column":12},"end":{"line":29,"column":13}},"type":"if","locations":[{"start":{"line":24,"column":12},"end":{"line":29,"column":13}},{"start":{"line":24,"column":12},"end":{"line":29,"column":13}}],"line":24},"2":{"loc":{"start":{"line":41,"column":4},"end":{"line":44,"column":5}},"type":"if","locations":[{"start":{"line":41,"column":4},"end":{"line":44,"column":5}},{"start":{"line":41,"column":4},"end":{"line":44,"column":5}}],"line":41},"3":{"loc":{"start":{"line":50,"column":4},"end":{"line":56,"column":5}},"type":"if","locations":[{"start":{"line":50,"column":4},"end":{"line":56,"column":5}},{"start":{"line":50,"column":4},"end":{"line":56,"column":5}}],"line":50},"4":{"loc":{"start":{"line":52,"column":8},"end":{"line":54,"column":9}},"type":"if","locations":[{"start":{"line":52,"column":8},"end":{"line":54,"column":9}},{"start":{"line":52,"column":8},"end":{"line":54,"column":9}}],"line":52},"5":{"loc":{"start":{"line":62,"column":4},"end":{"line":71,"column":5}},"type":"if","locations":[{"start":{"line":62,"column":4},"end":{"line":71,"column":5}},{"start":{"line":62,"column":4},"end":{"line":71,"column":5}}],"line":62},"6":{"loc":{"start":{"line":64,"column":7},"end":{"line":68,"column":8}},"type":"if","locations":[{"start":{"line":64,"column":7},"end":{"line":68,"column":8}},{"start":{"line":64,"column":7},"end":{"line":68,"column":8}}],"line":64},"7":{"loc":{"start":{"line":76,"column":4},"end":{"line":82,"column":5}},"type":"if","locations":[{"start":{"line":76,"column":4},"end":{"line":82,"column":5}},{"start":{"line":76,"column":4},"end":{"line":82,"column":5}}],"line":76},"8":{"loc":{"start":{"line":76,"column":8},"end":{"line":76,"column":33}},"type":"binary-expr","locations":[{"start":{"line":76,"column":8},"end":{"line":76,"column":21}},{"start":{"line":76,"column":25},"end":{"line":76,"column":33}}],"line":76},"9":{"loc":{"start":{"line":77,"column":8},"end":{"line":81,"column":9}},"type":"if","locations":[{"start":{"line":77,"column":8},"end":{"line":81,"column":9}},{"start":{"line":77,"column":8},"end":{"line":81,"column":9}}],"line":77},"10":{"loc":{"start":{"line":92,"column":4},"end":{"line":95,"column":5}},"type":"if","locations":[{"start":{"line":92,"column":4},"end":{"line":95,"column":5}},{"start":{"line":92,"column":4},"end":{"line":95,"column":5}}],"line":92}},"s":{"0":1,"1":1,"2":1,"3":1,"4":1,"5":2,"6":1,"7":4,"8":4,"9":0,"10":0,"11":4,"12":4,"13":4,"14":0,"15":4,"16":1,"17":1,"18":1,"19":1,"20":0,"21":0,"22":0,"23":1,"24":0,"25":0,"26":0,"27":0,"28":0,"29":1,"30":0,"31":0,"32":0,"33":0,"34":0,"35":0,"36":1,"37":0,"38":0,"39":0,"40":0,"41":1,"42":7,"43":3,"44":3,"45":4,"46":4,"47":1},"f":{"0":2,"1":4,"2":4,"3":4,"4":1,"5":0,"6":0,"7":0,"8":0,"9":7},"b":{"0":[0,4],"1":[0,4],"2":[0,0],"3":[0,0],"4":[0,0],"5":[0,0],"6":[0,0],"7":[0,0],"8":[0,0],"9":[0,0],"10":[3,4]},"_coverageSchema":"43e27e138ebf9cfc5966b082cf9a028302ed4184","hash":"ffe5286ceeb3c4fb28042ad36cbb604b6f192e2d"}
,"C:\\Users\\byiaf\\code\\gacha-crystals\\src\\server\\shared\\crystals.js": {"path":"C:\\Users\\byiaf\\code\\gacha-crystals\\src\\server\\shared\\crystals.js","statementMap":{"0":{"start":{"line":3,"column":17},"end":{"line":19,"column":1}},"1":{"start":{"line":25,"column":17},"end":{"line":25,"column":52}},"2":{"start":{"line":26,"column":17},"end":{"line":26,"column":18}},"3":{"start":{"line":28,"column":4},"end":{"line":48,"column":5}},"4":{"start":{"line":29,"column":8},"end":{"line":29,"column":19}},"5":{"start":{"line":30,"column":11},"end":{"line":48,"column":5}},"6":{"start":{"line":31,"column":8},"end":{"line":31,"column":19}},"7":{"start":{"line":32,"column":11},"end":{"line":48,"column":5}},"8":{"start":{"line":33,"column":8},"end":{"line":33,"column":19}},"9":{"start":{"line":34,"column":10},"end":{"line":48,"column":5}},"10":{"start":{"line":35,"column":8},"end":{"line":35,"column":19}},"11":{"start":{"line":36,"column":11},"end":{"line":48,"column":5}},"12":{"start":{"line":37,"column":8},"end":{"line":37,"column":19}},"13":{"start":{"line":38,"column":11},"end":{"line":48,"column":5}},"14":{"start":{"line":39,"column":8},"end":{"line":39,"column":19}},"15":{"start":{"line":40,"column":11},"end":{"line":48,"column":5}},"16":{"start":{"line":41,"column":8},"end":{"line":41,"column":19}},"17":{"start":{"line":42,"column":11},"end":{"line":48,"column":5}},"18":{"start":{"line":43,"column":8},"end":{"line":43,"column":19}},"19":{"start":{"line":44,"column":11},"end":{"line":48,"column":5}},"20":{"start":{"line":45,"column":8},"end":{"line":45,"column":19}},"21":{"start":{"line":47,"column":8},"end":{"line":47,"column":20}},"22":{"start":{"line":50,"column":21},"end":{"line":50,"column":23}},"23":{"start":{"line":51,"column":4},"end":{"line":55,"column":7}},"24":{"start":{"line":52,"column":8},"end":{"line":54,"column":9}},"25":{"start":{"line":53,"column":12},"end":{"line":53,"column":37}},"26":{"start":{"line":57,"column":20},"end":{"line":57,"column":77}},"27":{"start":{"line":59,"column":21},"end":{"line":59,"column":23}},"28":{"start":{"line":60,"column":4},"end":{"line":60,"column":41}},"29":{"start":{"line":61,"column":4},"end":{"line":61,"column":39}},"30":{"start":{"line":62,"column":4},"end":{"line":62,"column":43}},"31":{"start":{"line":63,"column":4},"end":{"line":63,"column":49}},"32":{"start":{"line":64,"column":4},"end":{"line":64,"column":45}},"33":{"start":{"line":65,"column":4},"end":{"line":65,"column":43}},"34":{"start":{"line":66,"column":4},"end":{"line":66,"column":29}},"35":{"start":{"line":67,"column":4},"end":{"line":67,"column":22}},"36":{"start":{"line":73,"column":0},"end":{"line":73,"column":43}}},"fnMap":{"0":{"name":"randomCrystal","decl":{"start":{"line":24,"column":9},"end":{"line":24,"column":22}},"loc":{"start":{"line":24,"column":30},"end":{"line":68,"column":1}},"line":24},"1":{"name":"(anonymous_1)","decl":{"start":{"line":51,"column":21},"end":{"line":51,"column":22}},"loc":{"start":{"line":51,"column":32},"end":{"line":55,"column":5}},"line":51}},"branchMap":{"0":{"loc":{"start":{"line":28,"column":4},"end":{"line":48,"column":5}},"type":"if","locations":[{"start":{"line":28,"column":4},"end":{"line":48,"column":5}},{"start":{"line":28,"column":4},"end":{"line":48,"column":5}}],"line":28},"1":{"loc":{"start":{"line":30,"column":11},"end":{"line":48,"column":5}},"type":"if","locations":[{"start":{"line":30,"column":11},"end":{"line":48,"column":5}},{"start":{"line":30,"column":11},"end":{"line":48,"column":5}}],"line":30},"2":{"loc":{"start":{"line":32,"column":11},"end":{"line":48,"column":5}},"type":"if","locations":[{"start":{"line":32,"column":11},"end":{"line":48,"column":5}},{"start":{"line":32,"column":11},"end":{"line":48,"column":5}}],"line":32},"3":{"loc":{"start":{"line":34,"column":10},"end":{"line":48,"column":5}},"type":"if","locations":[{"start":{"line":34,"column":10},"end":{"line":48,"column":5}},{"start":{"line":34,"column":10},"end":{"line":48,"column":5}}],"line":34},"4":{"loc":{"start":{"line":36,"column":11},"end":{"line":48,"column":5}},"type":"if","locations":[{"start":{"line":36,"column":11},"end":{"line":48,"column":5}},{"start":{"line":36,"column":11},"end":{"line":48,"column":5}}],"line":36},"5":{"loc":{"start":{"line":38,"column":11},"end":{"line":48,"column":5}},"type":"if","locations":[{"start":{"line":38,"column":11},"end":{"line":48,"column":5}},{"start":{"line":38,"column":11},"end":{"line":48,"column":5}}],"line":38},"6":{"loc":{"start":{"line":40,"column":11},"end":{"line":48,"column":5}},"type":"if","locations":[{"start":{"line":40,"column":11},"end":{"line":48,"column":5}},{"start":{"line":40,"column":11},"end":{"line":48,"column":5}}],"line":40},"7":{"loc":{"start":{"line":42,"column":11},"end":{"line":48,"column":5}},"type":"if","locations":[{"start":{"line":42,"column":11},"end":{"line":48,"column":5}},{"start":{"line":42,"column":11},"end":{"line":48,"column":5}}],"line":42},"8":{"loc":{"start":{"line":44,"column":11},"end":{"line":48,"column":5}},"type":"if","locations":[{"start":{"line":44,"column":11},"end":{"line":48,"column":5}},{"start":{"line":44,"column":11},"end":{"line":48,"column":5}}],"line":44},"9":{"loc":{"start":{"line":52,"column":8},"end":{"line":54,"column":9}},"type":"if","locations":[{"start":{"line":52,"column":8},"end":{"line":54,"column":9}},{"start":{"line":52,"column":8},"end":{"line":54,"column":9}}],"line":52}},"s":{"0":5,"1":6,"2":6,"3":6,"4":0,"5":6,"6":0,"7":6,"8":1,"9":5,"10":0,"11":5,"12":0,"13":5,"14":3,"15":2,"16":0,"17":2,"18":0,"19":2,"20":1,"21":1,"22":6,"23":6,"24":90,"25":8,"26":6,"27":6,"28":6,"29":6,"30":6,"31":6,"32":6,"33":6,"34":6,"35":6,"36":5},"f":{"0":6,"1":90},"b":{"0":[0,6],"1":[0,6],"2":[1,5],"3":[0,5],"4":[0,5],"5":[3,2],"6":[0,2],"7":[0,2],"8":[1,1],"9":[8,82]},"_coverageSchema":"43e27e138ebf9cfc5966b082cf9a028302ed4184","hash":"0b3997b07ef0a29a320ab0b182797f5302d5263d"}
,"C:\\Users\\byiaf\\code\\gacha-crystals\\src\\server\\shared\\users.js": {"path":"C:\\Users\\byiaf\\code\\gacha-crystals\\src\\server\\shared\\users.js","statementMap":{"0":{"start":{"line":4,"column":17},"end":{"line":4,"column":38}},"1":{"start":{"line":6,"column":14},"end":{"line":6,"column":23}},"2":{"start":{"line":9,"column":2},"end":{"line":9,"column":23}},"3":{"start":{"line":13,"column":15},"end":{"line":13,"column":26}},"4":{"start":{"line":15,"column":2},"end":{"line":17,"column":3}},"5":{"start":{"line":16,"column":4},"end":{"line":16,"column":17}},"6":{"start":{"line":19,"column":2},"end":{"line":19,"column":36}},"7":{"start":{"line":23,"column":2},"end":{"line":25,"column":3}},"8":{"start":{"line":24,"column":4},"end":{"line":24,"column":17}},"9":{"start":{"line":27,"column":15},"end":{"line":34,"column":3}},"10":{"start":{"line":36,"column":2},"end":{"line":36,"column":22}},"11":{"start":{"line":37,"column":2},"end":{"line":37,"column":14}},"12":{"start":{"line":43,"column":15},"end":{"line":43,"column":26}},"13":{"start":{"line":45,"column":2},"end":{"line":50,"column":3}},"14":{"start":{"line":46,"column":4},"end":{"line":48,"column":5}},"15":{"start":{"line":47,"column":6},"end":{"line":47,"column":19}},"16":{"start":{"line":49,"column":4},"end":{"line":49,"column":32}},"17":{"start":{"line":51,"column":2},"end":{"line":51,"column":22}},"18":{"start":{"line":52,"column":21},"end":{"line":52,"column":62}},"19":{"start":{"line":54,"column":2},"end":{"line":54,"column":33}},"20":{"start":{"line":55,"column":2},"end":{"line":55,"column":14}},"21":{"start":{"line":59,"column":15},"end":{"line":59,"column":26}},"22":{"start":{"line":60,"column":2},"end":{"line":60,"column":28}},"23":{"start":{"line":61,"column":2},"end":{"line":61,"column":14}},"24":{"start":{"line":65,"column":15},"end":{"line":65,"column":26}},"25":{"start":{"line":66,"column":14},"end":{"line":66,"column":15}},"26":{"start":{"line":67,"column":2},"end":{"line":71,"column":5}},"27":{"start":{"line":68,"column":6},"end":{"line":70,"column":7}},"28":{"start":{"line":69,"column":10},"end":{"line":69,"column":35}},"29":{"start":{"line":73,"column":2},"end":{"line":83,"column":3}},"30":{"start":{"line":75,"column":4},"end":{"line":79,"column":5}},"31":{"start":{"line":75,"column":21},"end":{"line":75,"column":22}},"32":{"start":{"line":76,"column":8},"end":{"line":78,"column":9}},"33":{"start":{"line":77,"column":12},"end":{"line":77,"column":41}},"34":{"start":{"line":81,"column":4},"end":{"line":81,"column":36}},"35":{"start":{"line":82,"column":4},"end":{"line":82,"column":16}},"36":{"start":{"line":84,"column":2},"end":{"line":84,"column":15}},"37":{"start":{"line":88,"column":2},"end":{"line":88,"column":16}},"38":{"start":{"line":91,"column":0},"end":{"line":99,"column":2}}},"fnMap":{"0":{"name":"getUser","decl":{"start":{"line":8,"column":9},"end":{"line":8,"column":16}},"loc":{"start":{"line":8,"column":21},"end":{"line":10,"column":1}},"line":8},"1":{"name":"verifyUser","decl":{"start":{"line":12,"column":9},"end":{"line":12,"column":19}},"loc":{"start":{"line":12,"column":34},"end":{"line":20,"column":1}},"line":12},"2":{"name":"createUser","decl":{"start":{"line":22,"column":9},"end":{"line":22,"column":19}},"loc":{"start":{"line":22,"column":34},"end":{"line":38,"column":1}},"line":22},"3":{"name":"buyLootBox","decl":{"start":{"line":41,"column":9},"end":{"line":41,"column":19}},"loc":{"start":{"line":41,"column":30},"end":{"line":56,"column":1}},"line":41},"4":{"name":"redeemedGift","decl":{"start":{"line":58,"column":9},"end":{"line":58,"column":21}},"loc":{"start":{"line":58,"column":26},"end":{"line":62,"column":1}},"line":58},"5":{"name":"sellCrystal","decl":{"start":{"line":64,"column":9},"end":{"line":64,"column":20}},"loc":{"start":{"line":64,"column":30},"end":{"line":85,"column":1}},"line":64},"6":{"name":"(anonymous_6)","decl":{"start":{"line":67,"column":24},"end":{"line":67,"column":25}},"loc":{"start":{"line":67,"column":35},"end":{"line":71,"column":3}},"line":67},"7":{"name":"removeUsers","decl":{"start":{"line":87,"column":9},"end":{"line":87,"column":20}},"loc":{"start":{"line":87,"column":23},"end":{"line":89,"column":1}},"line":87}},"branchMap":{"0":{"loc":{"start":{"line":15,"column":2},"end":{"line":17,"column":3}},"type":"if","locations":[{"start":{"line":15,"column":2},"end":{"line":17,"column":3}},{"start":{"line":15,"column":2},"end":{"line":17,"column":3}}],"line":15},"1":{"loc":{"start":{"line":23,"column":2},"end":{"line":25,"column":3}},"type":"if","locations":[{"start":{"line":23,"column":2},"end":{"line":25,"column":3}},{"start":{"line":23,"column":2},"end":{"line":25,"column":3}}],"line":23},"2":{"loc":{"start":{"line":45,"column":2},"end":{"line":50,"column":3}},"type":"if","locations":[{"start":{"line":45,"column":2},"end":{"line":50,"column":3}},{"start":{"line":45,"column":2},"end":{"line":50,"column":3}}],"line":45},"3":{"loc":{"start":{"line":46,"column":4},"end":{"line":48,"column":5}},"type":"if","locations":[{"start":{"line":46,"column":4},"end":{"line":48,"column":5}},{"start":{"line":46,"column":4},"end":{"line":48,"column":5}}],"line":46},"4":{"loc":{"start":{"line":68,"column":6},"end":{"line":70,"column":7}},"type":"if","locations":[{"start":{"line":68,"column":6},"end":{"line":70,"column":7}},{"start":{"line":68,"column":6},"end":{"line":70,"column":7}}],"line":68},"5":{"loc":{"start":{"line":73,"column":2},"end":{"line":83,"column":3}},"type":"if","locations":[{"start":{"line":73,"column":2},"end":{"line":83,"column":3}},{"start":{"line":73,"column":2},"end":{"line":83,"column":3}}],"line":73},"6":{"loc":{"start":{"line":76,"column":8},"end":{"line":78,"column":9}},"type":"if","locations":[{"start":{"line":76,"column":8},"end":{"line":78,"column":9}},{"start":{"line":76,"column":8},"end":{"line":78,"column":9}}],"line":76}},"s":{"0":4,"1":4,"2":49,"3":9,"4":9,"5":1,"6":8,"7":14,"8":0,"9":14,"10":14,"11":14,"12":5,"13":5,"14":1,"15":0,"16":1,"17":5,"18":5,"19":5,"20":5,"21":1,"22":1,"23":1,"24":1,"25":1,"26":1,"27":3,"28":0,"29":1,"30":0,"31":0,"32":0,"33":0,"34":0,"35":0,"36":1,"37":2,"38":4},"f":{"0":49,"1":9,"2":14,"3":5,"4":1,"5":1,"6":3,"7":2},"b":{"0":[1,8],"1":[0,14],"2":[1,4],"3":[0,1],"4":[0,3],"5":[0,1],"6":[0,0]},"_coverageSchema":"43e27e138ebf9cfc5966b082cf9a028302ed4184","hash":"f7bf6910d04590835fa157f7a47c74713a4c1449"}
}
