{"C:\\Users\\byiaf\\code\\gacha-crystals\\src\\client\\Crystals.jsx": {"path":"C:\\Users\\byiaf\\code\\gacha-crystals\\src\\client\\Crystals.jsx","statementMap":{"0":{"start":{"line":3,"column":17},"end":{"line":3,"column":53}},"1":{"start":{"line":7,"column":4},"end":{"line":7,"column":17}},"2":{"start":{"line":9,"column":4},"end":{"line":12,"column":6}},"3":{"start":{"line":16,"column":4},"end":{"line":29,"column":7}},"4":{"start":{"line":17,"column":64},"end":{"line":17,"column":71}},"5":{"start":{"line":18,"column":6},"end":{"line":28,"column":8}},"6":{"start":{"line":33,"column":4},"end":{"line":44,"column":7}},"7":{"start":{"line":34,"column":51},"end":{"line":34,"column":58}},"8":{"start":{"line":35,"column":6},"end":{"line":43,"column":7}},"9":{"start":{"line":48,"column":17},"end":{"line":48,"column":50}},"10":{"start":{"line":49,"column":6},"end":{"line":51,"column":8}},"11":{"start":{"line":50,"column":9},"end":{"line":50,"column":56}},"12":{"start":{"line":55,"column":4},"end":{"line":64,"column":6}}},"fnMap":{"0":{"name":"(anonymous_0)","decl":{"start":{"line":6,"column":2},"end":{"line":6,"column":3}},"loc":{"start":{"line":6,"column":21},"end":{"line":13,"column":3}},"line":6},"1":{"name":"(anonymous_1)","decl":{"start":{"line":15,"column":2},"end":{"line":15,"column":3}},"loc":{"start":{"line":15,"column":22},"end":{"line":30,"column":3}},"line":15},"2":{"name":"(anonymous_2)","decl":{"start":{"line":16,"column":33},"end":{"line":16,"column":34}},"loc":{"start":{"line":16,"column":53},"end":{"line":29,"column":5}},"line":16},"3":{"name":"(anonymous_3)","decl":{"start":{"line":32,"column":2},"end":{"line":32,"column":3}},"loc":{"start":{"line":32,"column":23},"end":{"line":45,"column":3}},"line":32},"4":{"name":"(anonymous_4)","decl":{"start":{"line":33,"column":33},"end":{"line":33,"column":34}},"loc":{"start":{"line":33,"column":53},"end":{"line":44,"column":5}},"line":33},"5":{"name":"(anonymous_5)","decl":{"start":{"line":47,"column":2},"end":{"line":47,"column":3}},"loc":{"start":{"line":47,"column":24},"end":{"line":52,"column":3}},"line":47},"6":{"name":"(anonymous_6)","decl":{"start":{"line":49,"column":24},"end":{"line":49,"column":25}},"loc":{"start":{"line":49,"column":40},"end":{"line":51,"column":7}},"line":49},"7":{"name":"(anonymous_7)","decl":{"start":{"line":54,"column":2},"end":{"line":54,"column":3}},"loc":{"start":{"line":54,"column":11},"end":{"line":65,"column":3}},"line":54}},"branchMap":{},"s":{"0":0,"1":0,"2":0,"3":0,"4":0,"5":0,"6":0,"7":0,"8":0,"9":0,"10":0,"11":0,"12":0},"f":{"0":0,"1":0,"2":0,"3":0,"4":0,"5":0,"6":0,"7":0},"b":{},"hash":"e18e945051e416ba1c643d64233763632abdc665"}
,"C:\\Users\\byiaf\\code\\gacha-crystals\\src\\client\\Headerbar.jsx": {"path":"C:\\Users\\byiaf\\code\\gacha-crystals\\src\\client\\Headerbar.jsx","statementMap":{"0":{"start":{"line":10,"column":4},"end":{"line":10,"column":17}},"1":{"start":{"line":13,"column":13},"end":{"line":32,"column":3}},"2":{"start":{"line":14,"column":16},"end":{"line":14,"column":29}},"3":{"start":{"line":18,"column":4},"end":{"line":23,"column":5}},"4":{"start":{"line":19,"column":6},"end":{"line":19,"column":54}},"5":{"start":{"line":21,"column":6},"end":{"line":21,"column":51}},"6":{"start":{"line":22,"column":6},"end":{"line":22,"column":13}},"7":{"start":{"line":25,"column":4},"end":{"line":28,"column":5}},"8":{"start":{"line":26,"column":6},"end":{"line":26,"column":79}},"9":{"start":{"line":27,"column":6},"end":{"line":27,"column":13}},"10":{"start":{"line":30,"column":4},"end":{"line":30,"column":40}},"11":{"start":{"line":31,"column":4},"end":{"line":31,"column":33}},"12":{"start":{"line":35,"column":4},"end":{"line":45,"column":6}},"13":{"start":{"line":49,"column":4},"end":{"line":61,"column":6}},"14":{"start":{"line":65,"column":19},"end":{"line":65,"column":36}},"15":{"start":{"line":68,"column":4},"end":{"line":72,"column":5}},"16":{"start":{"line":69,"column":6},"end":{"line":69,"column":41}},"17":{"start":{"line":71,"column":6},"end":{"line":71,"column":44}},"18":{"start":{"line":74,"column":4},"end":{"line":81,"column":6}}},"fnMap":{"0":{"name":"(anonymous_0)","decl":{"start":{"line":9,"column":2},"end":{"line":9,"column":3}},"loc":{"start":{"line":9,"column":21},"end":{"line":11,"column":3}},"line":9},"1":{"name":"(anonymous_1)","decl":{"start":{"line":13,"column":13},"end":{"line":13,"column":14}},"loc":{"start":{"line":13,"column":25},"end":{"line":32,"column":3}},"line":13},"2":{"name":"(anonymous_2)","decl":{"start":{"line":34,"column":2},"end":{"line":34,"column":3}},"loc":{"start":{"line":34,"column":25},"end":{"line":46,"column":3}},"line":34},"3":{"name":"(anonymous_3)","decl":{"start":{"line":48,"column":2},"end":{"line":48,"column":3}},"loc":{"start":{"line":48,"column":22},"end":{"line":62,"column":3}},"line":48},"4":{"name":"(anonymous_4)","decl":{"start":{"line":64,"column":2},"end":{"line":64,"column":3}},"loc":{"start":{"line":64,"column":11},"end":{"line":82,"column":3}},"line":64}},"branchMap":{"0":{"loc":{"start":{"line":25,"column":4},"end":{"line":28,"column":5}},"type":"if","locations":[{"start":{"line":25,"column":4},"end":{"line":28,"column":5}},{"start":{"line":25,"column":4},"end":{"line":28,"column":5}}],"line":25},"1":{"loc":{"start":{"line":68,"column":4},"end":{"line":72,"column":5}},"type":"if","locations":[{"start":{"line":68,"column":4},"end":{"line":72,"column":5}},{"start":{"line":68,"column":4},"end":{"line":72,"column":5}}],"line":68}},"s":{"0":0,"1":0,"2":0,"3":0,"4":0,"5":0,"6":0,"7":0,"8":0,"9":0,"10":0,"11":0,"12":0,"13":0,"14":0,"15":0,"16":0,"17":0,"18":0},"f":{"0":0,"1":0,"2":0,"3":0,"4":0},"b":{"0":[0,0],"1":[0,0]},"hash":"03b2082c636bb2d7a27a7abfd6ce392916b7a1d1"}
,"C:\\Users\\byiaf\\code\\gacha-crystals\\src\\client\\Home.jsx": {"path":"C:\\Users\\byiaf\\code\\gacha-crystals\\src\\client\\Home.jsx","statementMap":{"0":{"start":{"line":5,"column":17},"end":{"line":5,"column":53}},"1":{"start":{"line":10,"column":4},"end":{"line":10,"column":17}},"2":{"start":{"line":14,"column":4},"end":{"line":16,"column":5}},"3":{"start":{"line":15,"column":6},"end":{"line":15,"column":42}},"4":{"start":{"line":20,"column":17},"end":{"line":20,"column":32}},"5":{"start":{"line":22,"column":4},"end":{"line":49,"column":6}}},"fnMap":{"0":{"name":"(anonymous_0)","decl":{"start":{"line":9,"column":2},"end":{"line":9,"column":3}},"loc":{"start":{"line":9,"column":21},"end":{"line":11,"column":3}},"line":9},"1":{"name":"(anonymous_1)","decl":{"start":{"line":13,"column":2},"end":{"line":13,"column":3}},"loc":{"start":{"line":13,"column":22},"end":{"line":17,"column":3}},"line":13},"2":{"name":"(anonymous_2)","decl":{"start":{"line":19,"column":2},"end":{"line":19,"column":3}},"loc":{"start":{"line":19,"column":11},"end":{"line":50,"column":3}},"line":19}},"branchMap":{"0":{"loc":{"start":{"line":14,"column":4},"end":{"line":16,"column":5}},"type":"if","locations":[{"start":{"line":14,"column":4},"end":{"line":16,"column":5}},{"start":{"line":14,"column":4},"end":{"line":16,"column":5}}],"line":14},"1":{"loc":{"start":{"line":30,"column":9},"end":{"line":47,"column":9}},"type":"cond-expr","locations":[{"start":{"line":31,"column":10},"end":{"line":41,"column":16}},{"start":{"line":43,"column":10},"end":{"line":46,"column":18}}],"line":30}},"s":{"0":0,"1":0,"2":0,"3":0,"4":0,"5":0},"f":{"0":0,"1":0,"2":0},"b":{"0":[0,0],"1":[0,0]},"hash":"daad19920251ef316d86d750eb4f973c80c67c9d"}
,"C:\\Users\\byiaf\\code\\gacha-crystals\\src\\client\\Index.jsx": {"path":"C:\\Users\\byiaf\\code\\gacha-crystals\\src\\client\\Index.jsx","statementMap":{"0":{"start":{"line":13,"column":4},"end":{"line":13,"column":17}},"1":{"start":{"line":22,"column":4},"end":{"line":26,"column":6}},"2":{"start":{"line":42,"column":4},"end":{"line":42,"column":34}},"3":{"start":{"line":44,"column":19},"end":{"line":44,"column":24}},"4":{"start":{"line":45,"column":4},"end":{"line":47,"column":5}},"5":{"start":{"line":46,"column":6},"end":{"line":46,"column":24}},"6":{"start":{"line":49,"column":4},"end":{"line":49,"column":72}},"7":{"start":{"line":51,"column":4},"end":{"line":60,"column":6}},"8":{"start":{"line":52,"column":18},"end":{"line":52,"column":40}},"9":{"start":{"line":54,"column":6},"end":{"line":57,"column":7}},"10":{"start":{"line":55,"column":8},"end":{"line":55,"column":46}},"11":{"start":{"line":56,"column":8},"end":{"line":56,"column":15}},"12":{"start":{"line":59,"column":6},"end":{"line":59,"column":50}},"13":{"start":{"line":64,"column":4},"end":{"line":64,"column":24}},"14":{"start":{"line":67,"column":27},"end":{"line":96,"column":3}},"15":{"start":{"line":68,"column":16},"end":{"line":68,"column":27}},"16":{"start":{"line":72,"column":4},"end":{"line":79,"column":5}},"17":{"start":{"line":73,"column":6},"end":{"line":75,"column":9}},"18":{"start":{"line":77,"column":6},"end":{"line":77,"column":73}},"19":{"start":{"line":78,"column":6},"end":{"line":78,"column":13}},"20":{"start":{"line":81,"column":4},"end":{"line":81,"column":33}},"21":{"start":{"line":82,"column":4},"end":{"line":86,"column":5}},"22":{"start":{"line":84,"column":6},"end":{"line":84,"column":38}},"23":{"start":{"line":85,"column":6},"end":{"line":85,"column":13}},"24":{"start":{"line":88,"column":4},"end":{"line":95,"column":5}},"25":{"start":{"line":90,"column":6},"end":{"line":90,"column":76}},"26":{"start":{"line":92,"column":19},"end":{"line":92,"column":40}},"27":{"start":{"line":93,"column":6},"end":{"line":93,"column":24}},"28":{"start":{"line":94,"column":6},"end":{"line":94,"column":41}},"29":{"start":{"line":98,"column":25},"end":{"line":100,"column":3}},"30":{"start":{"line":99,"column":4},"end":{"line":99,"column":32}},"31":{"start":{"line":103,"column":4},"end":{"line":108,"column":6}},"32":{"start":{"line":119,"column":15},"end":{"line":119,"column":58}},"33":{"start":{"line":121,"column":4},"end":{"line":184,"column":6}},"34":{"start":{"line":130,"column":16},"end":{"line":135,"column":18}},"35":{"start":{"line":142,"column":16},"end":{"line":145,"column":18}},"36":{"start":{"line":152,"column":16},"end":{"line":155,"column":18}},"37":{"start":{"line":162,"column":16},"end":{"line":165,"column":18}},"38":{"start":{"line":172,"column":16},"end":{"line":177,"column":18}},"39":{"start":{"line":188,"column":0},"end":{"line":188,"column":58}}},"fnMap":{"0":{"name":"(anonymous_0)","decl":{"start":{"line":12,"column":2},"end":{"line":12,"column":3}},"loc":{"start":{"line":12,"column":21},"end":{"line":27,"column":3}},"line":12},"1":{"name":"(anonymous_1)","decl":{"start":{"line":41,"column":2},"end":{"line":41,"column":3}},"loc":{"start":{"line":41,"column":22},"end":{"line":61,"column":3}},"line":41},"2":{"name":"(anonymous_2)","decl":{"start":{"line":51,"column":28},"end":{"line":51,"column":29}},"loc":{"start":{"line":51,"column":39},"end":{"line":60,"column":5}},"line":51},"3":{"name":"(anonymous_3)","decl":{"start":{"line":63,"column":2},"end":{"line":63,"column":3}},"loc":{"start":{"line":63,"column":25},"end":{"line":65,"column":3}},"line":63},"4":{"name":"(anonymous_4)","decl":{"start":{"line":67,"column":27},"end":{"line":67,"column":28}},"loc":{"start":{"line":67,"column":39},"end":{"line":96,"column":3}},"line":67},"5":{"name":"(anonymous_5)","decl":{"start":{"line":98,"column":25},"end":{"line":98,"column":26}},"loc":{"start":{"line":98,"column":33},"end":{"line":100,"column":3}},"line":98},"6":{"name":"(anonymous_6)","decl":{"start":{"line":102,"column":2},"end":{"line":102,"column":3}},"loc":{"start":{"line":102,"column":13},"end":{"line":109,"column":3}},"line":102},"7":{"name":"(anonymous_7)","decl":{"start":{"line":111,"column":2},"end":{"line":111,"column":3}},"loc":{"start":{"line":111,"column":11},"end":{"line":185,"column":3}},"line":111},"8":{"name":"(anonymous_8)","decl":{"start":{"line":129,"column":22},"end":{"line":129,"column":23}},"loc":{"start":{"line":130,"column":16},"end":{"line":135,"column":18}},"line":130},"9":{"name":"(anonymous_9)","decl":{"start":{"line":141,"column":22},"end":{"line":141,"column":23}},"loc":{"start":{"line":142,"column":16},"end":{"line":145,"column":18}},"line":142},"10":{"name":"(anonymous_10)","decl":{"start":{"line":151,"column":22},"end":{"line":151,"column":23}},"loc":{"start":{"line":152,"column":16},"end":{"line":155,"column":18}},"line":152},"11":{"name":"(anonymous_11)","decl":{"start":{"line":161,"column":22},"end":{"line":161,"column":23}},"loc":{"start":{"line":162,"column":16},"end":{"line":165,"column":18}},"line":162},"12":{"name":"(anonymous_12)","decl":{"start":{"line":171,"column":22},"end":{"line":171,"column":23}},"loc":{"start":{"line":172,"column":16},"end":{"line":177,"column":18}},"line":172}},"branchMap":{"0":{"loc":{"start":{"line":45,"column":4},"end":{"line":47,"column":5}},"type":"if","locations":[{"start":{"line":45,"column":4},"end":{"line":47,"column":5}},{"start":{"line":45,"column":4},"end":{"line":47,"column":5}}],"line":45},"1":{"loc":{"start":{"line":54,"column":6},"end":{"line":57,"column":7}},"type":"if","locations":[{"start":{"line":54,"column":6},"end":{"line":57,"column":7}},{"start":{"line":54,"column":6},"end":{"line":57,"column":7}}],"line":54},"2":{"loc":{"start":{"line":54,"column":10},"end":{"line":54,"column":32}},"type":"binary-expr","locations":[{"start":{"line":54,"column":10},"end":{"line":54,"column":14}},{"start":{"line":54,"column":18},"end":{"line":54,"column":32}}],"line":54},"3":{"loc":{"start":{"line":82,"column":4},"end":{"line":86,"column":5}},"type":"if","locations":[{"start":{"line":82,"column":4},"end":{"line":86,"column":5}},{"start":{"line":82,"column":4},"end":{"line":86,"column":5}}],"line":82},"4":{"loc":{"start":{"line":88,"column":4},"end":{"line":95,"column":5}},"type":"if","locations":[{"start":{"line":88,"column":4},"end":{"line":95,"column":5}},{"start":{"line":88,"column":4},"end":{"line":95,"column":5}}],"line":88},"5":{"loc":{"start":{"line":119,"column":15},"end":{"line":119,"column":58}},"type":"cond-expr","locations":[{"start":{"line":119,"column":33},"end":{"line":119,"column":51}},{"start":{"line":119,"column":54},"end":{"line":119,"column":58}}],"line":119}},"s":{"0":0,"1":0,"2":0,"3":0,"4":0,"5":0,"6":0,"7":0,"8":0,"9":0,"10":0,"11":0,"12":0,"13":0,"14":0,"15":0,"16":0,"17":0,"18":0,"19":0,"20":0,"21":0,"22":0,"23":0,"24":0,"25":0,"26":0,"27":0,"28":0,"29":0,"30":0,"31":0,"32":0,"33":0,"34":0,"35":0,"36":0,"37":0,"38":0,"39":0},"f":{"0":0,"1":0,"2":0,"3":0,"4":0,"5":0,"6":0,"7":0,"8":0,"9":0,"10":0,"11":0,"12":0},"b":{"0":[0,0],"1":[0,0],"2":[0,0],"3":[0,0],"4":[0,0],"5":[0,0]},"hash":"a2ec930eef2672a076d184661e18bd4da86fdd46"}
,"C:\\Users\\byiaf\\code\\gacha-crystals\\src\\client\\Login.jsx": {"path":"C:\\Users\\byiaf\\code\\gacha-crystals\\src\\client\\Login.jsx","statementMap":{"0":{"start":{"line":6,"column":4},"end":{"line":6,"column":17}},"1":{"start":{"line":8,"column":4},"end":{"line":12,"column":6}},"2":{"start":{"line":15,"column":19},"end":{"line":17,"column":3}},"3":{"start":{"line":16,"column":4},"end":{"line":16,"column":50}},"4":{"start":{"line":19,"column":21},"end":{"line":21,"column":3}},"5":{"start":{"line":20,"column":4},"end":{"line":20,"column":52}},"6":{"start":{"line":23,"column":12},"end":{"line":61,"column":3}},"7":{"start":{"line":24,"column":33},"end":{"line":24,"column":43}},"8":{"start":{"line":26,"column":16},"end":{"line":26,"column":28}},"9":{"start":{"line":28,"column":20},"end":{"line":28,"column":58}},"10":{"start":{"line":32,"column":4},"end":{"line":43,"column":5}},"11":{"start":{"line":33,"column":6},"end":{"line":39,"column":9}},"12":{"start":{"line":41,"column":6},"end":{"line":41,"column":73}},"13":{"start":{"line":42,"column":6},"end":{"line":42,"column":13}},"14":{"start":{"line":45,"column":4},"end":{"line":48,"column":5}},"15":{"start":{"line":46,"column":6},"end":{"line":46,"column":61}},"16":{"start":{"line":47,"column":6},"end":{"line":47,"column":13}},"17":{"start":{"line":50,"column":4},"end":{"line":56,"column":5}},"18":{"start":{"line":51,"column":6},"end":{"line":54,"column":9}},"19":{"start":{"line":55,"column":6},"end":{"line":55,"column":13}},"20":{"start":{"line":58,"column":4},"end":{"line":58,"column":38}},"21":{"start":{"line":59,"column":4},"end":{"line":59,"column":46}},"22":{"start":{"line":60,"column":4},"end":{"line":60,"column":33}},"23":{"start":{"line":64,"column":16},"end":{"line":64,"column":27}},"24":{"start":{"line":65,"column":4},"end":{"line":71,"column":5}},"25":{"start":{"line":66,"column":6},"end":{"line":70,"column":8}},"26":{"start":{"line":73,"column":4},"end":{"line":101,"column":6}}},"fnMap":{"0":{"name":"(anonymous_0)","decl":{"start":{"line":5,"column":2},"end":{"line":5,"column":3}},"loc":{"start":{"line":5,"column":21},"end":{"line":13,"column":3}},"line":5},"1":{"name":"(anonymous_1)","decl":{"start":{"line":15,"column":19},"end":{"line":15,"column":20}},"loc":{"start":{"line":15,"column":30},"end":{"line":17,"column":3}},"line":15},"2":{"name":"(anonymous_2)","decl":{"start":{"line":19,"column":21},"end":{"line":19,"column":22}},"loc":{"start":{"line":19,"column":32},"end":{"line":21,"column":3}},"line":19},"3":{"name":"(anonymous_3)","decl":{"start":{"line":23,"column":12},"end":{"line":23,"column":13}},"loc":{"start":{"line":23,"column":24},"end":{"line":61,"column":3}},"line":23},"4":{"name":"(anonymous_4)","decl":{"start":{"line":63,"column":2},"end":{"line":63,"column":3}},"loc":{"start":{"line":63,"column":11},"end":{"line":102,"column":3}},"line":63}},"branchMap":{"0":{"loc":{"start":{"line":45,"column":4},"end":{"line":48,"column":5}},"type":"if","locations":[{"start":{"line":45,"column":4},"end":{"line":48,"column":5}},{"start":{"line":45,"column":4},"end":{"line":48,"column":5}}],"line":45},"1":{"loc":{"start":{"line":50,"column":4},"end":{"line":56,"column":5}},"type":"if","locations":[{"start":{"line":50,"column":4},"end":{"line":56,"column":5}},{"start":{"line":50,"column":4},"end":{"line":56,"column":5}}],"line":50},"2":{"loc":{"start":{"line":65,"column":4},"end":{"line":71,"column":5}},"type":"if","locations":[{"start":{"line":65,"column":4},"end":{"line":71,"column":5}},{"start":{"line":65,"column":4},"end":{"line":71,"column":5}}],"line":65}},"s":{"0":0,"1":0,"2":0,"3":0,"4":0,"5":0,"6":0,"7":0,"8":0,"9":0,"10":0,"11":0,"12":0,"13":0,"14":0,"15":0,"16":0,"17":0,"18":0,"19":0,"20":0,"21":0,"22":0,"23":0,"24":0,"25":0,"26":0},"f":{"0":0,"1":0,"2":0,"3":0,"4":0},"b":{"0":[0,0],"1":[0,0],"2":[0,0]},"hash":"87f71afa6c158f2cb4164c6467e5f2d28acb9ed6"}
,"C:\\Users\\byiaf\\code\\gacha-crystals\\src\\client\\Signup.jsx": {"path":"C:\\Users\\byiaf\\code\\gacha-crystals\\src\\client\\Signup.jsx","statementMap":{"0":{"start":{"line":6,"column":4},"end":{"line":6,"column":17}},"1":{"start":{"line":8,"column":4},"end":{"line":13,"column":6}},"2":{"start":{"line":16,"column":19},"end":{"line":19,"column":3}},"3":{"start":{"line":17,"column":4},"end":{"line":17,"column":66}},"4":{"start":{"line":18,"column":4},"end":{"line":18,"column":33}},"5":{"start":{"line":21,"column":21},"end":{"line":24,"column":3}},"6":{"start":{"line":22,"column":4},"end":{"line":22,"column":68}},"7":{"start":{"line":23,"column":4},"end":{"line":23,"column":35}},"8":{"start":{"line":26,"column":20},"end":{"line":29,"column":3}},"9":{"start":{"line":27,"column":4},"end":{"line":27,"column":67}},"10":{"start":{"line":28,"column":4},"end":{"line":28,"column":34}},"11":{"start":{"line":31,"column":13},"end":{"line":75,"column":3}},"12":{"start":{"line":32,"column":4},"end":{"line":32,"column":27}},"13":{"start":{"line":33,"column":42},"end":{"line":33,"column":52}},"14":{"start":{"line":35,"column":4},"end":{"line":38,"column":5}},"15":{"start":{"line":36,"column":6},"end":{"line":36,"column":60}},"16":{"start":{"line":37,"column":6},"end":{"line":37,"column":13}},"17":{"start":{"line":40,"column":16},"end":{"line":40,"column":29}},"18":{"start":{"line":42,"column":20},"end":{"line":42,"column":58}},"19":{"start":{"line":46,"column":4},"end":{"line":57,"column":5}},"20":{"start":{"line":47,"column":6},"end":{"line":53,"column":9}},"21":{"start":{"line":55,"column":6},"end":{"line":55,"column":73}},"22":{"start":{"line":56,"column":6},"end":{"line":56,"column":13}},"23":{"start":{"line":59,"column":4},"end":{"line":62,"column":5}},"24":{"start":{"line":60,"column":6},"end":{"line":60,"column":61}},"25":{"start":{"line":61,"column":6},"end":{"line":61,"column":13}},"26":{"start":{"line":64,"column":4},"end":{"line":70,"column":5}},"27":{"start":{"line":65,"column":6},"end":{"line":68,"column":9}},"28":{"start":{"line":69,"column":6},"end":{"line":69,"column":13}},"29":{"start":{"line":72,"column":4},"end":{"line":72,"column":38}},"30":{"start":{"line":73,"column":4},"end":{"line":73,"column":46}},"31":{"start":{"line":74,"column":4},"end":{"line":74,"column":33}},"32":{"start":{"line":78,"column":16},"end":{"line":78,"column":27}},"33":{"start":{"line":79,"column":4},"end":{"line":85,"column":5}},"34":{"start":{"line":80,"column":6},"end":{"line":84,"column":8}},"35":{"start":{"line":87,"column":21},"end":{"line":87,"column":25}},"36":{"start":{"line":88,"column":4},"end":{"line":90,"column":5}},"37":{"start":{"line":89,"column":6},"end":{"line":89,"column":34}},"38":{"start":{"line":92,"column":4},"end":{"line":126,"column":6}}},"fnMap":{"0":{"name":"(anonymous_0)","decl":{"start":{"line":5,"column":2},"end":{"line":5,"column":3}},"loc":{"start":{"line":5,"column":21},"end":{"line":14,"column":3}},"line":5},"1":{"name":"(anonymous_1)","decl":{"start":{"line":16,"column":19},"end":{"line":16,"column":20}},"loc":{"start":{"line":16,"column":30},"end":{"line":19,"column":3}},"line":16},"2":{"name":"(anonymous_2)","decl":{"start":{"line":21,"column":21},"end":{"line":21,"column":22}},"loc":{"start":{"line":21,"column":32},"end":{"line":24,"column":3}},"line":21},"3":{"name":"(anonymous_3)","decl":{"start":{"line":26,"column":20},"end":{"line":26,"column":21}},"loc":{"start":{"line":26,"column":31},"end":{"line":29,"column":3}},"line":26},"4":{"name":"(anonymous_4)","decl":{"start":{"line":31,"column":13},"end":{"line":31,"column":14}},"loc":{"start":{"line":31,"column":25},"end":{"line":75,"column":3}},"line":31},"5":{"name":"(anonymous_5)","decl":{"start":{"line":77,"column":2},"end":{"line":77,"column":3}},"loc":{"start":{"line":77,"column":11},"end":{"line":127,"column":3}},"line":77}},"branchMap":{"0":{"loc":{"start":{"line":35,"column":4},"end":{"line":38,"column":5}},"type":"if","locations":[{"start":{"line":35,"column":4},"end":{"line":38,"column":5}},{"start":{"line":35,"column":4},"end":{"line":38,"column":5}}],"line":35},"1":{"loc":{"start":{"line":59,"column":4},"end":{"line":62,"column":5}},"type":"if","locations":[{"start":{"line":59,"column":4},"end":{"line":62,"column":5}},{"start":{"line":59,"column":4},"end":{"line":62,"column":5}}],"line":59},"2":{"loc":{"start":{"line":64,"column":4},"end":{"line":70,"column":5}},"type":"if","locations":[{"start":{"line":64,"column":4},"end":{"line":70,"column":5}},{"start":{"line":64,"column":4},"end":{"line":70,"column":5}}],"line":64},"3":{"loc":{"start":{"line":79,"column":4},"end":{"line":85,"column":5}},"type":"if","locations":[{"start":{"line":79,"column":4},"end":{"line":85,"column":5}},{"start":{"line":79,"column":4},"end":{"line":85,"column":5}}],"line":79},"4":{"loc":{"start":{"line":88,"column":4},"end":{"line":90,"column":5}},"type":"if","locations":[{"start":{"line":88,"column":4},"end":{"line":90,"column":5}},{"start":{"line":88,"column":4},"end":{"line":90,"column":5}}],"line":88}},"s":{"0":0,"1":0,"2":0,"3":0,"4":0,"5":0,"6":0,"7":0,"8":0,"9":0,"10":0,"11":0,"12":0,"13":0,"14":0,"15":0,"16":0,"17":0,"18":0,"19":0,"20":0,"21":0,"22":0,"23":0,"24":0,"25":0,"26":0,"27":0,"28":0,"29":0,"30":0,"31":0,"32":0,"33":0,"34":0,"35":0,"36":0,"37":0,"38":0},"f":{"0":0,"1":0,"2":0,"3":0,"4":0,"5":0},"b":{"0":[0,0],"1":[0,0],"2":[0,0],"3":[0,0],"4":[0,0]},"hash":"a3db4e5537c893186f0c845a61a94cdbe6995e0f"}
,"C:\\Users\\byiaf\\code\\gacha-crystals\\src\\client\\Users.jsx": {"path":"C:\\Users\\byiaf\\code\\gacha-crystals\\src\\client\\Users.jsx","statementMap":{"0":{"start":{"line":7,"column":4},"end":{"line":7,"column":17}},"1":{"start":{"line":9,"column":4},"end":{"line":13,"column":6}},"2":{"start":{"line":17,"column":4},"end":{"line":27,"column":6}}},"fnMap":{"0":{"name":"(anonymous_0)","decl":{"start":{"line":6,"column":2},"end":{"line":6,"column":3}},"loc":{"start":{"line":6,"column":21},"end":{"line":14,"column":3}},"line":6},"1":{"name":"(anonymous_1)","decl":{"start":{"line":16,"column":2},"end":{"line":16,"column":3}},"loc":{"start":{"line":16,"column":11},"end":{"line":28,"column":3}},"line":16}},"branchMap":{},"s":{"0":0,"1":0,"2":0},"f":{"0":0,"1":0},"b":{},"hash":"e1d4723101ba3fda74a6fd9ebbc45f2fca893ff7"}
,"C:\\Users\\byiaf\\code\\gacha-crystals\\src\\server\\app.js": {"path":"C:\\Users\\byiaf\\code\\gacha-crystals\\src\\server\\app.js","statementMap":{"0":{"start":{"line":1,"column":16},"end":{"line":1,"column":34}},"1":{"start":{"line":2,"column":19},"end":{"line":2,"column":41}},"2":{"start":{"line":3,"column":17},"end":{"line":3,"column":36}},"3":{"start":{"line":4,"column":16},"end":{"line":4,"column":42}},"4":{"start":{"line":5,"column":22},"end":{"line":5,"column":56}},"5":{"start":{"line":6,"column":13},"end":{"line":6,"column":28}},"6":{"start":{"line":8,"column":16},"end":{"line":8,"column":48}},"7":{"start":{"line":9,"column":14},"end":{"line":9,"column":39}},"8":{"start":{"line":11,"column":18},"end":{"line":11,"column":41}},"9":{"start":{"line":14,"column":12},"end":{"line":14,"column":21}},"10":{"start":{"line":17,"column":0},"end":{"line":17,"column":27}},"11":{"start":{"line":19,"column":0},"end":{"line":19,"column":20}},"12":{"start":{"line":22,"column":0},"end":{"line":26,"column":4}},"13":{"start":{"line":30,"column":0},"end":{"line":30,"column":34}},"14":{"start":{"line":33,"column":0},"end":{"line":49,"column":3}},"15":{"start":{"line":40,"column":19},"end":{"line":40,"column":53}},"16":{"start":{"line":42,"column":8},"end":{"line":44,"column":9}},"17":{"start":{"line":43,"column":12},"end":{"line":43,"column":77}},"18":{"start":{"line":46,"column":21},"end":{"line":46,"column":42}},"19":{"start":{"line":47,"column":8},"end":{"line":47,"column":32}},"20":{"start":{"line":52,"column":0},"end":{"line":54,"column":3}},"21":{"start":{"line":53,"column":4},"end":{"line":53,"column":24}},"22":{"start":{"line":56,"column":0},"end":{"line":65,"column":3}},"23":{"start":{"line":58,"column":17},"end":{"line":58,"column":34}},"24":{"start":{"line":60,"column":4},"end":{"line":64,"column":5}},"25":{"start":{"line":61,"column":8},"end":{"line":61,"column":25}},"26":{"start":{"line":63,"column":8},"end":{"line":63,"column":26}},"27":{"start":{"line":67,"column":0},"end":{"line":67,"column":31}},"28":{"start":{"line":68,"column":0},"end":{"line":68,"column":28}},"29":{"start":{"line":72,"column":0},"end":{"line":72,"column":22}},"30":{"start":{"line":75,"column":0},"end":{"line":77,"column":3}},"31":{"start":{"line":76,"column":4},"end":{"line":76,"column":78}},"32":{"start":{"line":79,"column":0},"end":{"line":79,"column":23}}},"fnMap":{"0":{"name":"(anonymous_0)","decl":{"start":{"line":38,"column":4},"end":{"line":38,"column":5}},"loc":{"start":{"line":38,"column":38},"end":{"line":48,"column":5}},"line":38},"1":{"name":"(anonymous_1)","decl":{"start":{"line":52,"column":23},"end":{"line":52,"column":24}},"loc":{"start":{"line":52,"column":45},"end":{"line":54,"column":1}},"line":52},"2":{"name":"(anonymous_2)","decl":{"start":{"line":56,"column":25},"end":{"line":56,"column":26}},"loc":{"start":{"line":56,"column":45},"end":{"line":65,"column":1}},"line":56},"3":{"name":"(anonymous_3)","decl":{"start":{"line":75,"column":8},"end":{"line":75,"column":9}},"loc":{"start":{"line":75,"column":28},"end":{"line":77,"column":1}},"line":75}},"branchMap":{"0":{"loc":{"start":{"line":42,"column":8},"end":{"line":44,"column":9}},"type":"if","locations":[{"start":{"line":42,"column":8},"end":{"line":44,"column":9}},{"start":{"line":42,"column":8},"end":{"line":44,"column":9}}],"line":42},"1":{"loc":{"start":{"line":60,"column":4},"end":{"line":64,"column":5}},"type":"if","locations":[{"start":{"line":60,"column":4},"end":{"line":64,"column":5}},{"start":{"line":60,"column":4},"end":{"line":64,"column":5}}],"line":60}},"s":{"0":0,"1":0,"2":0,"3":0,"4":0,"5":0,"6":0,"7":0,"8":0,"9":0,"10":0,"11":0,"12":0,"13":0,"14":0,"15":0,"16":0,"17":0,"18":0,"19":0,"20":0,"21":0,"22":0,"23":0,"24":0,"25":0,"26":0,"27":0,"28":0,"29":0,"30":0,"31":0,"32":0},"f":{"0":0,"1":0,"2":0,"3":0},"b":{"0":[0,0],"1":[0,0]},"hash":"80665ae722ec68c42f6ad22923c73d756c140ac0"}
,"C:\\Users\\byiaf\\code\\gacha-crystals\\src\\server\\server.js": {"path":"C:\\Users\\byiaf\\code\\gacha-crystals\\src\\server\\server.js","statementMap":{"0":{"start":{"line":1,"column":14},"end":{"line":1,"column":30}},"1":{"start":{"line":3,"column":13},"end":{"line":3,"column":37}},"2":{"start":{"line":5,"column":0},"end":{"line":7,"column":3}},"3":{"start":{"line":6,"column":4},"end":{"line":6,"column":50}}},"fnMap":{"0":{"name":"(anonymous_0)","decl":{"start":{"line":5,"column":17},"end":{"line":5,"column":18}},"loc":{"start":{"line":5,"column":23},"end":{"line":7,"column":1}},"line":5}},"branchMap":{"0":{"loc":{"start":{"line":3,"column":13},"end":{"line":3,"column":37}},"type":"binary-expr","locations":[{"start":{"line":3,"column":13},"end":{"line":3,"column":29}},{"start":{"line":3,"column":33},"end":{"line":3,"column":37}}],"line":3}},"s":{"0":0,"1":0,"2":0,"3":0},"f":{"0":0},"b":{"0":[0,0]},"hash":"5dcfa62e60c97a036b26092aee06977dc8dfb8c1"}
,"C:\\Users\\byiaf\\code\\gacha-crystals\\src\\server\\ws-handler.js": {"path":"C:\\Users\\byiaf\\code\\gacha-crystals\\src\\server\\ws-handler.js","statementMap":{"0":{"start":{"line":1,"column":19},"end":{"line":1,"column":40}},"1":{"start":{"line":8,"column":4},"end":{"line":8,"column":26}},"2":{"start":{"line":10,"column":4},"end":{"line":19,"column":7}},"3":{"start":{"line":11,"column":8},"end":{"line":11,"column":55}},"4":{"start":{"line":13,"column":8},"end":{"line":13,"column":25}},"5":{"start":{"line":16,"column":8},"end":{"line":18,"column":11}},"6":{"start":{"line":17,"column":12},"end":{"line":17,"column":29}},"7":{"start":{"line":23,"column":14},"end":{"line":23,"column":39}},"8":{"start":{"line":25,"column":4},"end":{"line":30,"column":7}},"9":{"start":{"line":27,"column":21},"end":{"line":27,"column":51}},"10":{"start":{"line":29,"column":8},"end":{"line":29,"column":26}},"11":{"start":{"line":34,"column":0},"end":{"line":34,"column":24}}},"fnMap":{"0":{"name":"init","decl":{"start":{"line":6,"column":9},"end":{"line":6,"column":13}},"loc":{"start":{"line":6,"column":19},"end":{"line":20,"column":1}},"line":6},"1":{"name":"(anonymous_1)","decl":{"start":{"line":10,"column":16},"end":{"line":10,"column":17}},"loc":{"start":{"line":10,"column":39},"end":{"line":19,"column":5}},"line":10},"2":{"name":"(anonymous_2)","decl":{"start":{"line":16,"column":27},"end":{"line":16,"column":28}},"loc":{"start":{"line":16,"column":33},"end":{"line":18,"column":9}},"line":16},"3":{"name":"broadCastCount","decl":{"start":{"line":22,"column":9},"end":{"line":22,"column":23}},"loc":{"start":{"line":22,"column":26},"end":{"line":31,"column":1}},"line":22},"4":{"name":"(anonymous_4)","decl":{"start":{"line":25,"column":33},"end":{"line":25,"column":34}},"loc":{"start":{"line":25,"column":45},"end":{"line":30,"column":5}},"line":25}},"branchMap":{},"s":{"0":0,"1":0,"2":0,"3":0,"4":0,"5":0,"6":0,"7":0,"8":0,"9":0,"10":0,"11":0},"f":{"0":0,"1":0,"2":0,"3":0,"4":0},"b":{},"hash":"da697548284a14aac1594855f6148eaeaa6dd2d8"}
,"C:\\Users\\byiaf\\code\\gacha-crystals\\src\\server\\routes\\api-endpoint.js": {"path":"C:\\Users\\byiaf\\code\\gacha-crystals\\src\\server\\routes\\api-endpoint.js","statementMap":{"0":{"start":{"line":1,"column":16},"end":{"line":1,"column":34}},"1":{"start":{"line":2,"column":17},"end":{"line":2,"column":36}},"2":{"start":{"line":4,"column":14},"end":{"line":4,"column":40}},"3":{"start":{"line":6,"column":15},"end":{"line":6,"column":31}},"4":{"start":{"line":8,"column":0},"end":{"line":11,"column":3}},"5":{"start":{"line":10,"column":4},"end":{"line":10,"column":27}},"6":{"start":{"line":13,"column":0},"end":{"line":32,"column":3}},"7":{"start":{"line":15,"column":20},"end":{"line":15,"column":72}},"8":{"start":{"line":17,"column":4},"end":{"line":20,"column":5}},"9":{"start":{"line":18,"column":8},"end":{"line":18,"column":31}},"10":{"start":{"line":19,"column":8},"end":{"line":19,"column":15}},"11":{"start":{"line":22,"column":4},"end":{"line":31,"column":7}},"12":{"start":{"line":23,"column":8},"end":{"line":30,"column":11}},"13":{"start":{"line":24,"column":12},"end":{"line":29,"column":13}},"14":{"start":{"line":26,"column":16},"end":{"line":26,"column":39}},"15":{"start":{"line":28,"column":16},"end":{"line":28,"column":39}},"16":{"start":{"line":34,"column":0},"end":{"line":38,"column":3}},"17":{"start":{"line":36,"column":4},"end":{"line":36,"column":17}},"18":{"start":{"line":37,"column":4},"end":{"line":37,"column":27}},"19":{"start":{"line":45,"column":0},"end":{"line":57,"column":3}},"20":{"start":{"line":47,"column":4},"end":{"line":50,"column":5}},"21":{"start":{"line":48,"column":8},"end":{"line":48,"column":31}},"22":{"start":{"line":49,"column":8},"end":{"line":49,"column":15}},"23":{"start":{"line":53,"column":4},"end":{"line":56,"column":6}},"24":{"start":{"line":60,"column":0},"end":{"line":60,"column":24}}},"fnMap":{"0":{"name":"(anonymous_0)","decl":{"start":{"line":8,"column":58},"end":{"line":8,"column":59}},"loc":{"start":{"line":8,"column":72},"end":{"line":11,"column":1}},"line":8},"1":{"name":"(anonymous_1)","decl":{"start":{"line":13,"column":27},"end":{"line":13,"column":28}},"loc":{"start":{"line":13,"column":47},"end":{"line":32,"column":1}},"line":13},"2":{"name":"(anonymous_2)","decl":{"start":{"line":22,"column":45},"end":{"line":22,"column":46}},"loc":{"start":{"line":22,"column":51},"end":{"line":31,"column":5}},"line":22},"3":{"name":"(anonymous_3)","decl":{"start":{"line":23,"column":25},"end":{"line":23,"column":26}},"loc":{"start":{"line":23,"column":34},"end":{"line":30,"column":9}},"line":23},"4":{"name":"(anonymous_4)","decl":{"start":{"line":34,"column":27},"end":{"line":34,"column":28}},"loc":{"start":{"line":34,"column":47},"end":{"line":38,"column":1}},"line":34},"5":{"name":"(anonymous_5)","decl":{"start":{"line":45,"column":24},"end":{"line":45,"column":25}},"loc":{"start":{"line":45,"column":44},"end":{"line":57,"column":1}},"line":45}},"branchMap":{"0":{"loc":{"start":{"line":17,"column":4},"end":{"line":20,"column":5}},"type":"if","locations":[{"start":{"line":17,"column":4},"end":{"line":20,"column":5}},{"start":{"line":17,"column":4},"end":{"line":20,"column":5}}],"line":17},"1":{"loc":{"start":{"line":24,"column":12},"end":{"line":29,"column":13}},"type":"if","locations":[{"start":{"line":24,"column":12},"end":{"line":29,"column":13}},{"start":{"line":24,"column":12},"end":{"line":29,"column":13}}],"line":24},"2":{"loc":{"start":{"line":47,"column":4},"end":{"line":50,"column":5}},"type":"if","locations":[{"start":{"line":47,"column":4},"end":{"line":50,"column":5}},{"start":{"line":47,"column":4},"end":{"line":50,"column":5}}],"line":47}},"s":{"0":0,"1":0,"2":0,"3":0,"4":0,"5":0,"6":0,"7":0,"8":0,"9":0,"10":0,"11":0,"12":0,"13":0,"14":0,"15":0,"16":0,"17":0,"18":0,"19":0,"20":0,"21":0,"22":0,"23":0,"24":0},"f":{"0":0,"1":0,"2":0,"3":0,"4":0,"5":0},"b":{"0":[0,0],"1":[0,0],"2":[0,0]},"hash":"7bbc7c20e8c946326d0b50ebce2e4fecda5c7fac"}
,"C:\\Users\\byiaf\\code\\gacha-crystals\\src\\server\\shared\\crystals.js": {"path":"C:\\Users\\byiaf\\code\\gacha-crystals\\src\\server\\shared\\crystals.js","statementMap":{"0":{"start":{"line":3,"column":17},"end":{"line":19,"column":1}},"1":{"start":{"line":31,"column":4},"end":{"line":31,"column":23}},"2":{"start":{"line":34,"column":0},"end":{"line":34,"column":38}}},"fnMap":{"0":{"name":"exportMe","decl":{"start":{"line":30,"column":9},"end":{"line":30,"column":17}},"loc":{"start":{"line":30,"column":20},"end":{"line":32,"column":1}},"line":30}},"branchMap":{},"s":{"0":0,"1":0,"2":0},"f":{"0":0},"b":{},"hash":"91b749e69d6868881a8c82181c40ebb0b6a4d117"}
}
