TN:
SF:C:\Users\byiaf\code\gacha-crystals\src\client\Crystals.jsx
FN:7,(anonymous_0)
FN:18,(anonymous_1)
FN:28,(anonymous_2)
FN:29,(anonymous_3)
FN:47,(anonymous_4)
FN:49,(anonymous_5)
FN:54,(anonymous_6)
FN:61,(anonymous_7)
FN:69,(anonymous_8)
FN:86,(anonymous_9)
FN:99,(anonymous_10)
FNF:11
FNH:7
FNDA:5,(anonymous_0)
FNDA:5,(anonymous_1)
FNDA:5,(anonymous_2)
FNDA:75,(anonymous_3)
FNDA:5,(anonymous_4)
FNDA:35,(anonymous_5)
FNDA:0,(anonymous_6)
FNDA:0,(anonymous_7)
FNDA:0,(anonymous_8)
FNDA:0,(anonymous_9)
FNDA:5,(anonymous_10)
DA:3,2
DA:4,2
DA:8,5
DA:10,5
DA:19,5
DA:20,0
DA:21,0
DA:29,5
DA:30,75
DA:31,75
DA:48,5
DA:49,5
DA:50,35
DA:55,0
DA:56,0
DA:57,0
DA:58,0
DA:62,0
DA:63,0
DA:69,0
DA:70,0
DA:71,0
DA:87,0
DA:100,5
DA:103,5
DA:104,0
DA:107,5
LF:27
LH:14
BRDA:19,0,0,0
BRDA:19,0,1,5
BRDA:62,1,0,0
BRDA:62,1,1,0
BRDA:103,2,0,0
BRDA:103,2,1,5
BRDA:109,3,0,0
BRDA:109,3,1,5
BRF:8
BRH:3
end_of_record
TN:
SF:C:\Users\byiaf\code\gacha-crystals\src\client\Headerbar.jsx
FN:9,(anonymous_0)
FN:13,(anonymous_1)
FN:34,(anonymous_2)
FN:47,(anonymous_3)
FN:63,(anonymous_4)
FNF:5
FNH:0
FNDA:0,(anonymous_0)
FNDA:0,(anonymous_1)
FNDA:0,(anonymous_2)
FNDA:0,(anonymous_3)
FNDA:0,(anonymous_4)
DA:10,0
DA:13,0
DA:14,0
DA:18,0
DA:19,0
DA:21,0
DA:22,0
DA:25,0
DA:26,0
DA:27,0
DA:29,0
DA:30,0
DA:31,0
DA:35,0
DA:48,0
DA:64,0
DA:67,0
DA:68,0
DA:70,0
DA:73,0
LF:20
LH:0
BRDA:25,0,0,0
BRDA:25,0,1,0
BRDA:67,1,0,0
BRDA:67,1,1,0
BRF:4
BRH:0
end_of_record
TN:
SF:C:\Users\byiaf\code\gacha-crystals\src\client\Home.jsx
FN:9,(anonymous_0)
FN:21,(anonymous_1)
FN:28,(anonymous_2)
FN:34,(anonymous_3)
FN:39,(anonymous_4)
FN:48,(anonymous_5)
FN:64,(anonymous_6)
FNF:7
FNH:3
FNDA:4,(anonymous_0)
FNDA:4,(anonymous_1)
FNDA:0,(anonymous_2)
FNDA:0,(anonymous_3)
FNDA:0,(anonymous_4)
FNDA:0,(anonymous_5)
FNDA:4,(anonymous_6)
DA:5,1
DA:6,1
DA:10,4
DA:12,4
DA:22,4
DA:23,0
DA:24,0
DA:28,4
DA:29,0
DA:30,0
DA:31,0
DA:34,4
DA:36,0
DA:40,0
DA:41,0
DA:43,0
DA:44,0
DA:49,0
DA:50,0
DA:51,0
DA:52,0
DA:54,0
DA:55,0
DA:56,0
DA:57,0
DA:59,0
DA:60,0
DA:65,4
DA:79,4
LF:29
LH:9
BRDA:22,0,0,0
BRDA:22,0,1,4
BRDA:43,1,0,0
BRDA:43,1,1,0
BRDA:51,2,0,0
BRDA:51,2,1,0
BRDA:54,3,0,0
BRDA:54,3,1,0
BRDA:88,4,0,0
BRDA:88,4,1,4
BRDA:100,5,0,0
BRDA:100,5,1,0
BRF:12
BRH:2
end_of_record
TN:
SF:C:\Users\byiaf\code\gacha-crystals\src\client\Index.jsx
FN:12,(anonymous_0)
FN:36,(anonymous_1)
FN:46,(anonymous_2)
FN:58,(anonymous_3)
FN:62,(anonymous_4)
FN:94,(anonymous_5)
FN:99,(anonymous_6)
FN:103,(anonymous_7)
FN:112,(anonymous_8)
FN:135,(anonymous_9)
FN:148,(anonymous_10)
FN:158,(anonymous_11)
FN:168,(anonymous_12)
FN:178,(anonymous_13)
FNF:14
FNH:0
FNDA:0,(anonymous_0)
FNDA:0,(anonymous_1)
FNDA:0,(anonymous_2)
FNDA:0,(anonymous_3)
FNDA:0,(anonymous_4)
FNDA:0,(anonymous_5)
FNDA:0,(anonymous_6)
FNDA:0,(anonymous_7)
FNDA:0,(anonymous_8)
FNDA:0,(anonymous_9)
FNDA:0,(anonymous_10)
FNDA:0,(anonymous_11)
FNDA:0,(anonymous_12)
FNDA:0,(anonymous_13)
DA:13,0
DA:18,0
DA:37,0
DA:39,0
DA:40,0
DA:41,0
DA:44,0
DA:46,0
DA:47,0
DA:49,0
DA:50,0
DA:51,0
DA:54,0
DA:59,0
DA:62,0
DA:63,0
DA:67,0
DA:68,0
DA:72,0
DA:73,0
DA:76,0
DA:77,0
DA:79,0
DA:80,0
DA:83,0
DA:85,0
DA:87,0
DA:88,0
DA:89,0
DA:90,0
DA:94,0
DA:95,0
DA:96,0
DA:99,0
DA:100,0
DA:104,0
DA:120,0
DA:121,0
DA:136,0
DA:149,0
DA:159,0
DA:169,0
DA:179,0
DA:195,0
LF:44
LH:0
BRDA:40,0,0,0
BRDA:40,0,1,0
BRDA:49,1,0,0
BRDA:49,1,1,0
BRDA:49,2,0,0
BRDA:49,2,1,0
BRDA:77,3,0,0
BRDA:77,3,1,0
BRDA:83,4,0,0
BRDA:83,4,1,0
BRDA:120,5,0,0
BRDA:120,5,1,0
BRF:12
BRH:0
end_of_record
TN:
SF:C:\Users\byiaf\code\gacha-crystals\src\client\Login.jsx
FN:5,(anonymous_0)
FN:15,(anonymous_1)
FN:19,(anonymous_2)
FN:23,(anonymous_3)
FN:63,(anonymous_4)
FNF:5
FNH:5
FNDA:1,(anonymous_0)
FNDA:1,(anonymous_1)
FNDA:1,(anonymous_2)
FNDA:1,(anonymous_3)
FNDA:4,(anonymous_4)
DA:6,1
DA:8,1
DA:15,1
DA:16,1
DA:19,1
DA:20,1
DA:23,1
DA:24,1
DA:26,1
DA:28,1
DA:32,1
DA:33,1
DA:41,1
DA:42,1
DA:45,0
DA:46,0
DA:47,0
DA:50,0
DA:51,0
DA:55,0
DA:58,0
DA:59,0
DA:60,0
DA:64,4
DA:65,4
DA:66,1
DA:73,4
LF:27
LH:18
BRDA:45,0,0,0
BRDA:45,0,1,0
BRDA:50,1,0,0
BRDA:50,1,1,0
BRDA:65,2,0,1
BRDA:65,2,1,3
BRF:6
BRH:2
end_of_record
TN:
SF:C:\Users\byiaf\code\gacha-crystals\src\client\Signup.jsx
FN:5,(anonymous_0)
FN:16,(anonymous_1)
FN:21,(anonymous_2)
FN:26,(anonymous_3)
FN:31,(anonymous_4)
FN:77,(anonymous_5)
FNF:6
FNH:6
FNDA:4,(anonymous_0)
FNDA:4,(anonymous_1)
FNDA:4,(anonymous_2)
FNDA:4,(anonymous_3)
FNDA:4,(anonymous_4)
FNDA:20,(anonymous_5)
DA:6,4
DA:8,4
DA:16,4
DA:17,4
DA:18,4
DA:21,4
DA:22,4
DA:23,4
DA:26,4
DA:27,4
DA:28,4
DA:31,4
DA:32,4
DA:33,4
DA:35,4
DA:36,0
DA:37,0
DA:40,4
DA:42,4
DA:46,4
DA:47,4
DA:55,4
DA:56,4
DA:59,0
DA:60,0
DA:61,0
DA:64,0
DA:65,0
DA:69,0
DA:72,0
DA:73,0
DA:74,0
DA:78,20
DA:79,20
DA:80,4
DA:87,20
DA:88,20
DA:89,4
DA:92,20
LF:39
LH:28
BRDA:35,0,0,0
BRDA:35,0,1,4
BRDA:59,1,0,0
BRDA:59,1,1,0
BRDA:64,2,0,0
BRDA:64,2,1,0
BRDA:79,3,0,4
BRDA:79,3,1,16
BRDA:88,4,0,4
BRDA:88,4,1,16
BRF:10
BRH:5
end_of_record
TN:
SF:C:\Users\byiaf\code\gacha-crystals\src\server\app.js
FN:38,(anonymous_0)
FN:52,(anonymous_1)
FN:56,(anonymous_2)
FN:75,(anonymous_3)
FNF:4
FNH:3
FNDA:7,(anonymous_0)
FNDA:6,(anonymous_1)
FNDA:5,(anonymous_2)
FNDA:0,(anonymous_3)
DA:1,1
DA:2,1
DA:3,1
DA:4,1
DA:5,1
DA:6,1
DA:8,1
DA:9,1
DA:11,1
DA:14,1
DA:17,1
DA:19,1
DA:22,1
DA:30,1
DA:33,1
DA:40,7
DA:42,7
DA:43,1
DA:46,6
DA:47,6
DA:52,1
DA:53,6
DA:56,1
DA:58,5
DA:60,5
DA:61,5
DA:63,0
DA:67,1
DA:68,1
DA:72,1
DA:75,1
DA:76,0
DA:79,1
LF:33
LH:31
BRDA:42,0,0,1
BRDA:42,0,1,6
BRDA:60,1,0,5
BRDA:60,1,1,0
BRF:4
BRH:3
end_of_record
TN:
SF:C:\Users\byiaf\code\gacha-crystals\src\server\server.js
FN:5,(anonymous_0)
FNF:1
FNH:0
FNDA:0,(anonymous_0)
DA:1,0
DA:3,0
DA:5,0
DA:6,0
LF:4
LH:0
BRDA:3,0,0,0
BRDA:3,0,1,0
BRF:2
BRH:0
end_of_record
TN:
SF:C:\Users\byiaf\code\gacha-crystals\src\server\ws-handler.js
FN:6,init
FN:10,(anonymous_1)
FN:14,(anonymous_2)
FN:19,(anonymous_3)
FN:25,processWebsocketMessage
FNF:5
FNH:1
FNDA:1,init
FNDA:0,(anonymous_1)
FNDA:0,(anonymous_2)
FNDA:0,(anonymous_3)
FNDA:0,processWebsocketMessage
DA:1,1
DA:8,1
DA:10,1
DA:11,0
DA:14,0
DA:15,0
DA:19,0
DA:20,0
DA:30,1
LF:9
LH:4
BRF:0
BRH:0
end_of_record
TN:
SF:C:\Users\byiaf\code\gacha-crystals\src\server\routes\api-endpoint.js
FN:8,(anonymous_0)
FN:13,(anonymous_1)
FN:22,(anonymous_2)
FN:23,(anonymous_3)
FN:34,(anonymous_4)
FN:40,(anonymous_5)
FN:48,(anonymous_6)
FN:61,(anonymous_7)
FN:74,(anonymous_8)
FN:90,(anonymous_9)
FNF:10
FNH:6
FNDA:2,(anonymous_0)
FNDA:4,(anonymous_1)
FNDA:4,(anonymous_2)
FNDA:4,(anonymous_3)
FNDA:1,(anonymous_4)
FNDA:0,(anonymous_5)
FNDA:0,(anonymous_6)
FNDA:0,(anonymous_7)
FNDA:0,(anonymous_8)
FNDA:7,(anonymous_9)
DA:1,1
DA:2,1
DA:4,1
DA:6,1
DA:8,1
DA:10,2
DA:13,1
DA:15,4
DA:17,4
DA:18,0
DA:19,0
DA:22,4
DA:23,4
DA:24,4
DA:26,0
DA:28,4
DA:34,1
DA:36,1
DA:37,1
DA:40,1
DA:41,0
DA:42,0
DA:43,0
DA:48,1
DA:50,0
DA:51,0
DA:52,0
DA:53,0
DA:55,0
DA:61,1
DA:62,0
DA:63,0
DA:64,0
DA:65,0
DA:67,0
DA:70,0
DA:74,1
DA:76,0
DA:77,0
DA:78,0
DA:80,0
DA:90,1
DA:92,7
DA:93,3
DA:94,3
DA:97,4
DA:100,4
DA:111,1
LF:48
LH:27
BRDA:17,0,0,0
BRDA:17,0,1,4
BRDA:24,1,0,0
BRDA:24,1,1,4
BRDA:41,2,0,0
BRDA:41,2,1,0
BRDA:50,3,0,0
BRDA:50,3,1,0
BRDA:52,4,0,0
BRDA:52,4,1,0
BRDA:62,5,0,0
BRDA:62,5,1,0
BRDA:64,6,0,0
BRDA:64,6,1,0
BRDA:76,7,0,0
BRDA:76,7,1,0
BRDA:76,8,0,0
BRDA:76,8,1,0
BRDA:77,9,0,0
BRDA:77,9,1,0
BRDA:92,10,0,3
BRDA:92,10,1,4
BRF:22
BRH:4
end_of_record
TN:
SF:C:\Users\byiaf\code\gacha-crystals\src\server\shared\crystals.js
FN:24,randomCrystal
FN:51,(anonymous_1)
FNF:2
FNH:2
FNDA:6,randomCrystal
FNDA:90,(anonymous_1)
DA:3,5
DA:25,6
DA:26,6
DA:28,6
DA:29,0
DA:30,6
DA:31,0
DA:32,6
DA:33,1
DA:34,5
DA:35,0
DA:36,5
DA:37,0
DA:38,5
DA:39,3
DA:40,2
DA:41,0
DA:42,2
DA:43,0
DA:44,2
DA:45,1
DA:47,1
DA:50,6
DA:51,6
DA:52,90
DA:53,8
DA:57,6
DA:59,6
DA:60,6
DA:61,6
DA:62,6
DA:63,6
DA:64,6
DA:65,6
DA:66,6
DA:67,6
DA:73,5
LF:37
LH:31
BRDA:28,0,0,0
BRDA:28,0,1,6
BRDA:30,1,0,0
BRDA:30,1,1,6
BRDA:32,2,0,1
BRDA:32,2,1,5
BRDA:34,3,0,0
BRDA:34,3,1,5
BRDA:36,4,0,0
BRDA:36,4,1,5
BRDA:38,5,0,3
BRDA:38,5,1,2
BRDA:40,6,0,0
BRDA:40,6,1,2
BRDA:42,7,0,0
BRDA:42,7,1,2
BRDA:44,8,0,1
BRDA:44,8,1,1
BRDA:52,9,0,8
BRDA:52,9,1,82
BRF:20
BRH:14
end_of_record
TN:
SF:C:\Users\byiaf\code\gacha-crystals\src\server\shared\users.js
FN:8,getUser
FN:12,verifyUser
FN:22,createUser
FN:41,buyLootBox
FN:58,redeemedGift
FN:64,sellCrystal
FN:67,(anonymous_6)
FN:87,removeUsers
FNF:8
FNH:8
FNDA:49,getUser
FNDA:9,verifyUser
FNDA:14,createUser
FNDA:5,buyLootBox
FNDA:1,redeemedGift
FNDA:1,sellCrystal
FNDA:3,(anonymous_6)
FNDA:2,removeUsers
DA:4,4
DA:6,4
DA:9,49
DA:13,9
DA:15,9
DA:16,1
DA:19,8
DA:23,14
DA:24,0
DA:27,14
DA:36,14
DA:37,14
DA:43,5
DA:45,5
DA:46,1
DA:47,0
DA:49,1
DA:51,5
DA:52,5
DA:54,5
DA:55,5
DA:59,1
DA:60,1
DA:61,1
DA:65,1
DA:66,1
DA:67,1
DA:68,3
DA:69,0
DA:73,1
DA:75,0
DA:76,0
DA:77,0
DA:81,0
DA:82,0
DA:84,1
DA:88,2
DA:91,4
LF:38
LH:30
BRDA:15,0,0,1
BRDA:15,0,1,8
BRDA:23,1,0,0
BRDA:23,1,1,14
BRDA:45,2,0,1
BRDA:45,2,1,4
BRDA:46,3,0,0
BRDA:46,3,1,1
BRDA:68,4,0,0
BRDA:68,4,1,3
BRDA:73,5,0,0
BRDA:73,5,1,1
BRDA:76,6,0,0
BRDA:76,6,1,0
BRF:14
BRH:8
end_of_record
